#
# There is insufficient memory for the Java Runtime Environment to continue.
# Native memory allocation (malloc) failed to allocate 1323008 bytes. Error detail: Chunk::new
# Possible reasons:
#   The system is out of physical RAM or swap space
#   This process is running with CompressedOops enabled, and the Java Heap may be blocking the growth of the native heap
# Possible solutions:
#   Reduce memory load on the system
#   Increase physical memory or swap space
#   Check if swap backing store is full
#   Decrease Java heap size (-Xmx/-Xms)
#   Decrease number of Java threads
#   Decrease Java thread stack sizes (-Xss)
#   Set larger code cache with -XX:ReservedCodeCacheSize=
#   JVM is running with Unscaled Compressed Oops mode in which the Java heap is
#     placed in the first 4GB address space. The Java Heap base address is the
#     maximum limit for the native heap growth. Please use -XX:HeapBaseMinAddress
#     to set the Java Heap base and to place the Java Heap above 4GB virtual address.
# This output file may be truncated or incomplete.
#
#  Out of Memory Error (arena.cpp:191), pid=14816, tid=10408
#
# JRE version: OpenJDK Runtime Environment Temurin-17.0.11+9 (17.0.11+9) (build 17.0.11+9)
# Java VM: OpenJDK 64-Bit Server VM Temurin-17.0.11+9 (17.0.11+9, mixed mode, tiered, compressed oops, compressed class ptrs, parallel gc, windows-amd64)
# No core dump will be written. Minidumps are not enabled by default on client versions of Windows
#

---------------  S U M M A R Y ------------

Command Line: --add-modules=ALL-SYSTEM --add-opens=java.base/java.util=ALL-UNNAMED --add-opens=java.base/java.lang=ALL-UNNAMED --add-opens=java.base/sun.nio.fs=ALL-UNNAMED -Declipse.application=org.eclipse.jdt.ls.core.id1 -Dosgi.bundles.defaultStartLevel=4 -Declipse.product=org.eclipse.jdt.ls.core.product -Djava.import.generatesMetadataFilesAtProjectRoot=false -DDetectVMInstallationsJob.disabled=true -Dfile.encoding=utf8 -XX:+UseParallelGC -XX:GCTimeRatio=4 -XX:AdaptiveSizePolicyWeight=90 -Dsun.zip.disableMemoryMapping=true -Xmx1G -Xms100m -Xlog:disable -javaagent:c:\Users\PUB 1520\.vscode\extensions\redhat.java-1.32.0-win32-x64\lombok\lombok-1.18.33.jar -XX:+HeapDumpOnOutOfMemoryError -XX:HeapDumpPath=c:\Users\PUB 1520\AppData\Roaming\Code\User\workspaceStorage\0d0f664c8f7d8576d827c6b8c84ea1aa\redhat.java -Daether.dependencyCollector.impl=bf c:\Users\PUB 1520\.vscode\extensions\redhat.java-1.32.0-win32-x64\server\plugins\org.eclipse.equinox.launcher_1.6.900.v20240613-2009.jar -configuration c:\Users\PUB 1520\AppData\Roaming\Code\User\globalStorage\redhat.java\1.32.0\config_win -data c:\Users\PUB 1520\AppData\Roaming\Code\User\workspaceStorage\0d0f664c8f7d8576d827c6b8c84ea1aa\redhat.java\jdt_ws --pipe=\\.\pipe\lsp-4c71b847c637a4f3c1ad9c6924d5d695-sock

Host: Intel(R) Core(TM) i3-1005G1 CPU @ 1.20GHz, 4 cores, 3G,  Windows 11 , 64 bit Build 22621 (10.0.22621.3672)
Time: Mon Jul  8 20:42:16 2024 SE Asia Standard Time elapsed time: 481.243812 seconds (0d 0h 8m 1s)

---------------  T H R E A D  ---------------

Current thread (0x0000029b7d771f70):  JavaThread "C2 CompilerThread0" daemon [_thread_in_native, id=10408, stack(0x000000a18cc00000,0x000000a18cd00000)]


Current CompileTask:
C2: 481244 18219   !   4       org.eclipse.jdt.internal.compiler.parser.Scanner::getNextToken0 (2518 bytes)

Stack: [0x000000a18cc00000,0x000000a18cd00000]
Native frames: (J=compiled Java code, j=interpreted, Vv=VM code, C=native code)
V  [jvm.dll+0x67d429]
V  [jvm.dll+0x834b7a]
V  [jvm.dll+0x83663e]
V  [jvm.dll+0x836ca3]
V  [jvm.dll+0x247dbf]
V  [jvm.dll+0xac534]
V  [jvm.dll+0xacb7c]
V  [jvm.dll+0x366647]
V  [jvm.dll+0x330bba]
V  [jvm.dll+0x33005a]
V  [jvm.dll+0x21a471]
V  [jvm.dll+0x2198b1]
V  [jvm.dll+0x1a534d]
V  [jvm.dll+0x2295cd]
V  [jvm.dll+0x22779c]
V  [jvm.dll+0x7e9d07]
V  [jvm.dll+0x7e410a]
V  [jvm.dll+0x67c315]
C  [ucrtbase.dll+0x29333]
C  [KERNEL32.DLL+0x1257d]
C  [ntdll.dll+0x5af28]


---------------  P R O C E S S  ---------------

Threads class SMR info:
_java_thread_list=0x0000029b15a04ce0, length=36, elements={
0x0000029b78902280, 0x0000029b7d741020, 0x0000029b7d742290, 0x0000029b7d76d340,
0x0000029b7d76dc10, 0x0000029b7d76e6e0, 0x0000029b7d76f1b0, 0x0000029b7d771f70,
0x0000029b7e8da8a0, 0x0000029b7e8dd570, 0x0000029b7e9b2020, 0x0000029b7eb93770,
0x0000029b7f0f62d0, 0x0000029b7edc5010, 0x0000029b7edc54f0, 0x0000029b7f2f8ee0,
0x0000029b7f44ddf0, 0x0000029b7f3678b0, 0x0000029b7f36a640, 0x0000029b7f369710,
0x0000029b7f369c20, 0x0000029b146bc540, 0x0000029b146bd470, 0x0000029b146c1130,
0x0000029b146c0c20, 0x0000029b146ba6e0, 0x0000029b146babf0, 0x0000029b146bde90,
0x0000029b146bfcf0, 0x0000029b146be3a0, 0x0000029b146bc030, 0x0000029b146bf7e0,
0x0000029b146bb100, 0x0000029b146bb610, 0x0000029b146bf2d0, 0x0000029b158adbb0
}

Java Threads: ( => current thread )
  0x0000029b78902280 JavaThread "main" [_thread_blocked, id=10456, stack(0x000000a18c300000,0x000000a18c400000)]
  0x0000029b7d741020 JavaThread "Reference Handler" daemon [_thread_blocked, id=15852, stack(0x000000a18c600000,0x000000a18c700000)]
  0x0000029b7d742290 JavaThread "Finalizer" daemon [_thread_blocked, id=6440, stack(0x000000a18c700000,0x000000a18c800000)]
  0x0000029b7d76d340 JavaThread "Signal Dispatcher" daemon [_thread_blocked, id=13396, stack(0x000000a18c800000,0x000000a18c900000)]
  0x0000029b7d76dc10 JavaThread "Attach Listener" daemon [_thread_blocked, id=3968, stack(0x000000a18c900000,0x000000a18ca00000)]
  0x0000029b7d76e6e0 JavaThread "Service Thread" daemon [_thread_blocked, id=7172, stack(0x000000a18ca00000,0x000000a18cb00000)]
  0x0000029b7d76f1b0 JavaThread "Monitor Deflation Thread" daemon [_thread_blocked, id=10208, stack(0x000000a18cb00000,0x000000a18cc00000)]
=>0x0000029b7d771f70 JavaThread "C2 CompilerThread0" daemon [_thread_in_native, id=10408, stack(0x000000a18cc00000,0x000000a18cd00000)]
  0x0000029b7e8da8a0 JavaThread "C1 CompilerThread0" daemon [_thread_blocked, id=14840, stack(0x000000a18cd00000,0x000000a18ce00000)]
  0x0000029b7e8dd570 JavaThread "Sweeper thread" daemon [_thread_blocked, id=13048, stack(0x000000a18ce00000,0x000000a18cf00000)]
  0x0000029b7e9b2020 JavaThread "Common-Cleaner" daemon [_thread_blocked, id=13232, stack(0x000000a18cf00000,0x000000a18d000000)]
  0x0000029b7eb93770 JavaThread "Notification Thread" daemon [_thread_blocked, id=3584, stack(0x000000a18d000000,0x000000a18d100000)]
  0x0000029b7f0f62d0 JavaThread "Active Thread: Equinox Container: 35edc6e3-a80a-4852-99bc-5bcf2228b421" [_thread_blocked, id=9760, stack(0x000000a18d500000,0x000000a18d600000)]
  0x0000029b7edc5010 JavaThread "Framework Event Dispatcher: Equinox Container: 35edc6e3-a80a-4852-99bc-5bcf2228b421" daemon [_thread_blocked, id=13260, stack(0x000000a18d600000,0x000000a18d700000)]
  0x0000029b7edc54f0 JavaThread "Start Level: Equinox Container: 35edc6e3-a80a-4852-99bc-5bcf2228b421" daemon [_thread_blocked, id=3048, stack(0x000000a18d700000,0x000000a18d800000)]
  0x0000029b7f2f8ee0 JavaThread "Bundle File Closer" daemon [_thread_blocked, id=12816, stack(0x000000a18d800000,0x000000a18d900000)]
  0x0000029b7f44ddf0 JavaThread "SCR Component Actor" daemon [_thread_blocked, id=12012, stack(0x000000a18d900000,0x000000a18da00000)]
  0x0000029b7f3678b0 JavaThread "Worker-JM" [_thread_blocked, id=9336, stack(0x000000a18db00000,0x000000a18dc00000)]
  0x0000029b7f36a640 JavaThread "Java indexing" daemon [_thread_blocked, id=12492, stack(0x000000a18da00000,0x000000a18db00000)]
  0x0000029b7f369710 JavaThread "JNA Cleaner" daemon [_thread_blocked, id=8860, stack(0x000000a18df00000,0x000000a18e000000)]
  0x0000029b7f369c20 JavaThread "Thread-2" daemon [_thread_in_native, id=10684, stack(0x000000a18e000000,0x000000a18e100000)]
  0x0000029b146bc540 JavaThread "Thread-3" daemon [_thread_in_native, id=10080, stack(0x000000a18e100000,0x000000a18e200000)]
  0x0000029b146bd470 JavaThread "Thread-4" daemon [_thread_in_native, id=9444, stack(0x000000a18e200000,0x000000a18e300000)]
  0x0000029b146c1130 JavaThread "Thread-5" daemon [_thread_in_native, id=7616, stack(0x000000a18e300000,0x000000a18e400000)]
  0x0000029b146c0c20 JavaThread "Thread-6" daemon [_thread_in_native, id=17136, stack(0x000000a18e400000,0x000000a18e500000)]
  0x0000029b146ba6e0 JavaThread "pool-2-thread-1" [_thread_blocked, id=10836, stack(0x000000a18e500000,0x000000a18e600000)]
  0x0000029b146babf0 JavaThread "WorkspaceEventsHandler" [_thread_blocked, id=3012, stack(0x000000a18e600000,0x000000a18e700000)]
  0x0000029b146bde90 JavaThread "pool-1-thread-1" [_thread_blocked, id=6196, stack(0x000000a18e700000,0x000000a18e800000)]
  0x0000029b146bfcf0 JavaThread "Worker-3" [_thread_blocked, id=12268, stack(0x000000a18e800000,0x000000a18e900000)]
  0x0000029b146be3a0 JavaThread "ForkJoinPool.commonPool-worker-4" daemon [_thread_blocked, id=6056, stack(0x000000a18c100000,0x000000a18c200000)]
  0x0000029b146bc030 JavaThread "ForkJoinPool.commonPool-worker-5" daemon [_thread_blocked, id=16760, stack(0x000000a18c200000,0x000000a18c300000)]
  0x0000029b146bf7e0 JavaThread "ForkJoinPool.commonPool-worker-6" daemon [_thread_blocked, id=2856, stack(0x000000a18dc00000,0x000000a18dd00000)]
  0x0000029b146bb100 JavaThread "Worker-4" [_thread_blocked, id=7340, stack(0x000000a18dd00000,0x000000a18de00000)]
  0x0000029b146bb610 JavaThread "Cleaner-0" daemon [_thread_blocked, id=13640, stack(0x000000a18e900000,0x000000a18ea00000)]
  0x0000029b146bf2d0 JavaThread "Worker-5: Publish Diagnostics" [_thread_in_Java, id=7180, stack(0x000000a18de00000,0x000000a18df00000)]
  0x0000029b158adbb0 JavaThread "pool-1-thread-5" [_thread_blocked, id=9384, stack(0x000000a18ee00000,0x000000a18ef00000)]

Other Threads:
  0x0000029b7898c3b0 VMThread "VM Thread" [stack: 0x000000a18c500000,0x000000a18c600000] [id=15872]
  0x0000029b7ebb71a0 WatcherThread [stack: 0x000000a18d100000,0x000000a18d200000] [id=14508]
  0x0000029b78916f10 GCTaskThread "GC Thread#0" [stack: 0x000000a18c400000,0x000000a18c500000] [id=16112]
  0x0000029b7f06c970 GCTaskThread "GC Thread#1" [stack: 0x000000a18d200000,0x000000a18d300000] [id=1972]
  0x0000029b7f00cd00 GCTaskThread "GC Thread#2" [stack: 0x000000a18d300000,0x000000a18d400000] [id=14788]
  0x0000029b7f00cfc0 GCTaskThread "GC Thread#3" [stack: 0x000000a18d400000,0x000000a18d500000] [id=4304]

Threads with active compile tasks:
C2 CompilerThread0   481346 18219   !   4       org.eclipse.jdt.internal.compiler.parser.Scanner::getNextToken0 (2518 bytes)

VM state: not at safepoint (normal execution)

VM Mutex/Monitor currently owned by a thread:  ([mutex/lock_event])
[0x0000029b788ff090] Heap_lock - owner thread: 0x0000029b146be3a0

Heap address: 0x00000000c0000000, size: 1024 MB, Compressed Oops mode: 32-bit

CDS archive(s) not mapped
Compressed class space mapped at: 0x0000000100000000-0x0000000140000000, reserved size: 1073741824
Narrow klass base: 0x0000000000000000, Narrow klass shift: 3, Narrow klass range: 0x140000000

GC Precious Log:
 CPUs: 4 total, 4 available
 Memory: 3863M
 Large Page Support: Disabled
 NUMA Support: Disabled
 Compressed Oops: Enabled (32-bit)
 Alignments: Space 512K, Generation 512K, Heap 2M
 Heap Min Capacity: 100M
 Heap Initial Capacity: 100M
 Heap Max Capacity: 1G
 Pre-touch: Disabled
 Parallel Workers: 4

Heap:
 PSYoungGen      total 5632K, used 2434K [0x00000000eab00000, 0x00000000eb380000, 0x0000000100000000)
  eden space 3072K, 10% used [0x00000000eab00000,0x00000000eab4d578,0x00000000eae00000)
  from space 2560K, 83% used [0x00000000eb100000,0x00000000eb3134a0,0x00000000eb380000)
  to   space 2560K, 0% used [0x00000000eae00000,0x00000000eae00000,0x00000000eb080000)
 ParOldGen       total 123904K, used 111417K [0x00000000c0000000, 0x00000000c7900000, 0x00000000eab00000)
  object space 123904K, 89% used [0x00000000c0000000,0x00000000c6cce4c8,0x00000000c7900000)
 Metaspace       used 84443K, committed 85824K, reserved 1179648K
  class space    used 8568K, committed 9152K, reserved 1048576K

Card table byte_map: [0x0000029b78290000,0x0000029b784a0000] _byte_map_base: 0x0000029b77c90000

Marking Bits: (ParMarkBitMap*) 0x00007ffa73dbd820
 Begin Bits: [0x0000029b7b590000, 0x0000029b7c590000)
 End Bits:   [0x0000029b7c590000, 0x0000029b7d590000)

Polling page: 0x0000029b76870000

Metaspace:

Usage:
  Non-class:     74.10 MB used.
      Class:      8.37 MB used.
       Both:     82.46 MB used.

Virtual space:
  Non-class space:      128.00 MB reserved,      74.88 MB ( 58%) committed,  2 nodes.
      Class space:        1.00 GB reserved,       8.94 MB ( <1%) committed,  1 nodes.
             Both:        1.12 GB reserved,      83.81 MB (  7%) committed. 

Chunk freelists:
   Non-Class:  4.92 MB
       Class:  7.02 MB
        Both:  11.94 MB

MaxMetaspaceSize: unlimited
CompressedClassSpaceSize: 1.00 GB
Initial GC threshold: 21.00 MB
Current GC threshold: 139.31 MB
CDS: off
MetaspaceReclaimPolicy: balanced
 - commit_granule_bytes: 65536.
 - commit_granule_words: 8192.
 - virtual_space_node_default_size: 8388608.
 - enlarge_chunks_in_place: 1.
 - new_chunks_are_fully_committed: 0.
 - uncommit_free_chunks: 1.
 - use_allocation_guard: 0.
 - handle_deallocations: 1.


Internal statistics:

num_allocs_failed_limit: 9.
num_arena_births: 1058.
num_arena_deaths: 16.
num_vsnodes_births: 3.
num_vsnodes_deaths: 0.
num_space_committed: 1341.
num_space_uncommitted: 0.
num_chunks_returned_to_freelist: 25.
num_chunks_taken_from_freelist: 4775.
num_chunk_merges: 11.
num_chunk_splits: 2887.
num_chunks_enlarged: 1569.
num_inconsistent_stats: 0.

CodeHeap 'non-profiled nmethods': size=120000Kb used=12219Kb max_used=12219Kb free=107780Kb
 bounds [0x0000029b07ad0000, 0x0000029b086c0000, 0x0000029b0f000000]
CodeHeap 'profiled nmethods': size=120000Kb used=31921Kb max_used=31921Kb free=88078Kb
 bounds [0x0000029b00000000, 0x0000029b01fc0000, 0x0000029b07530000]
CodeHeap 'non-nmethods': size=5760Kb used=1418Kb max_used=1509Kb free=4341Kb
 bounds [0x0000029b07530000, 0x0000029b077a0000, 0x0000029b07ad0000]
 total_blobs=14901 nmethods=14140 adapters=670
 compilation: enabled
              stopped_count=0, restarted_count=0
 full_count=0

Compilation events (20 events):
Event: 480.914 Thread 0x0000029b7e8da8a0 18225       3       org.eclipse.jdt.internal.corext.fix.VariableDeclarationFixCore$WrittenNamesFinder::visit (125 bytes)
Event: 480.916 Thread 0x0000029b7e8da8a0 nmethod 18225 0x0000029b0173db10 code [0x0000029b0173de20, 0x0000029b0173f658]
Event: 480.919 Thread 0x0000029b7d771f70 nmethod 18182 0x0000029b086ba590 code [0x0000029b086ba940, 0x0000029b086bd3e0]
Event: 480.919 Thread 0x0000029b7d771f70 18219   !   4       org.eclipse.jdt.internal.compiler.parser.Scanner::getNextToken0 (2518 bytes)
Event: 481.057 Thread 0x0000029b7e8da8a0 18228       3       org.eclipse.jdt.internal.core.CompilationUnit$1::getContents (23 bytes)
Event: 481.059 Thread 0x0000029b7e8da8a0 nmethod 18228 0x0000029b0134a690 code [0x0000029b0134a840, 0x0000029b0134aa68]
Event: 481.068 Thread 0x0000029b7e8da8a0 18229       3       org.eclipse.jdt.internal.compiler.SourceElementNotifier::notifySourceElementRequestor (564 bytes)
Event: 481.074 Thread 0x0000029b7e8da8a0 nmethod 18229 0x0000029b011a2f90 code [0x0000029b011a32e0, 0x0000029b011a50c8]
Event: 481.083 Thread 0x0000029b7e8da8a0 18231       3       org.eclipse.jdt.internal.compiler.ISourceElementRequestor$FieldInfo::<init> (5 bytes)
Event: 481.084 Thread 0x0000029b7e8da8a0 nmethod 18231 0x0000029b01893890 code [0x0000029b01893a20, 0x0000029b01893b78]
Event: 481.086 Thread 0x0000029b7e8da8a0 18233       2       org.eclipse.jdt.internal.compiler.SourceElementNotifier::notifySourceElementRequestor (991 bytes)
Event: 481.093 Thread 0x0000029b7e8da8a0 nmethod 18233 0x0000029b015ac510 code [0x0000029b015ac820, 0x0000029b015add08]
Event: 481.132 Thread 0x0000029b7e8da8a0 18234       1       org.eclipse.jdt.internal.compiler.lookup.LocalTypeBinding::enclosingMethod (5 bytes)
Event: 481.133 Thread 0x0000029b7e8da8a0 nmethod 18234 0x0000029b086bec90 code [0x0000029b086bee20, 0x0000029b086beef8]
Event: 481.164 Thread 0x0000029b7e8da8a0 18235       2       org.eclipse.jdt.internal.compiler.ast.LambdaExpression$LocalTypeSubstitutor::<init> (29 bytes)
Event: 481.165 Thread 0x0000029b7e8da8a0 nmethod 18235 0x0000029b015fd310 code [0x0000029b015fd4a0, 0x0000029b015fd618]
Event: 481.168 Thread 0x0000029b7e8da8a0 18236       2       org.eclipse.jdt.internal.compiler.lookup.Substitution$NullSubstitution::<init> (10 bytes)
Event: 481.168 Thread 0x0000029b7e8da8a0 nmethod 18236 0x0000029b01654890 code [0x0000029b01654a20, 0x0000029b01654b38]
Event: 481.168 Thread 0x0000029b7e8da8a0 18237       2       org.eclipse.jdt.internal.compiler.ast.LambdaExpression::updateLocalTypesInMethod (114 bytes)
Event: 481.170 Thread 0x0000029b7e8da8a0 nmethod 18237 0x0000029b01387210 code [0x0000029b01387400, 0x0000029b01387958]

GC Heap History (20 events):
Event: 478.151 GC heap before
{Heap before GC invocations=1053 (full 28):
 PSYoungGen      total 6656K, used 6413K [0x00000000eab00000, 0x00000000eb500000, 0x0000000100000000)
  eden space 4096K, 100% used [0x00000000eab00000,0x00000000eaf00000,0x00000000eaf00000)
  from space 2560K, 90% used [0x00000000eaf00000,0x00000000eb143630,0x00000000eb180000)
  to   space 3072K, 0% used [0x00000000eb200000,0x00000000eb200000,0x00000000eb500000)
 ParOldGen       total 123904K, used 101979K [0x00000000c0000000, 0x00000000c7900000, 0x00000000eab00000)
  object space 123904K, 82% used [0x00000000c0000000,0x00000000c6396e18,0x00000000c7900000)
 Metaspace       used 84322K, committed 85696K, reserved 1179648K
  class space    used 8558K, committed 9152K, reserved 1048576K
}
Event: 478.158 GC heap after
{Heap after GC invocations=1053 (full 28):
 PSYoungGen      total 6656K, used 3047K [0x00000000eab00000, 0x00000000eb600000, 0x0000000100000000)
  eden space 3584K, 0% used [0x00000000eab00000,0x00000000eab00000,0x00000000eae80000)
  from space 3072K, 99% used [0x00000000eb200000,0x00000000eb4f9ce8,0x00000000eb500000)
  to   space 3584K, 0% used [0x00000000eae80000,0x00000000eae80000,0x00000000eb200000)
 ParOldGen       total 123904K, used 101979K [0x00000000c0000000, 0x00000000c7900000, 0x00000000eab00000)
  object space 123904K, 82% used [0x00000000c0000000,0x00000000c6396e18,0x00000000c7900000)
 Metaspace       used 84322K, committed 85696K, reserved 1179648K
  class space    used 8558K, committed 9152K, reserved 1048576K
}
Event: 478.351 GC heap before
{Heap before GC invocations=1054 (full 28):
 PSYoungGen      total 6656K, used 6631K [0x00000000eab00000, 0x00000000eb600000, 0x0000000100000000)
  eden space 3584K, 100% used [0x00000000eab00000,0x00000000eae80000,0x00000000eae80000)
  from space 3072K, 99% used [0x00000000eb200000,0x00000000eb4f9ce8,0x00000000eb500000)
  to   space 3584K, 0% used [0x00000000eae80000,0x00000000eae80000,0x00000000eb200000)
 ParOldGen       total 123904K, used 101979K [0x00000000c0000000, 0x00000000c7900000, 0x00000000eab00000)
  object space 123904K, 82% used [0x00000000c0000000,0x00000000c6396e18,0x00000000c7900000)
 Metaspace       used 84322K, committed 85696K, reserved 1179648K
  class space    used 8558K, committed 9152K, reserved 1048576K
}
Event: 478.381 GC heap after
{Heap after GC invocations=1054 (full 28):
 PSYoungGen      total 5632K, used 1704K [0x00000000eab00000, 0x00000000eb380000, 0x0000000100000000)
  eden space 3584K, 0% used [0x00000000eab00000,0x00000000eab00000,0x00000000eae80000)
  from space 2048K, 83% used [0x00000000eae80000,0x00000000eb02a398,0x00000000eb080000)
  to   space 2560K, 0% used [0x00000000eb100000,0x00000000eb100000,0x00000000eb380000)
 ParOldGen       total 123904K, used 103832K [0x00000000c0000000, 0x00000000c7900000, 0x00000000eab00000)
  object space 123904K, 83% used [0x00000000c0000000,0x00000000c6566018,0x00000000c7900000)
 Metaspace       used 84322K, committed 85696K, reserved 1179648K
  class space    used 8558K, committed 9152K, reserved 1048576K
}
Event: 479.002 GC heap before
{Heap before GC invocations=1055 (full 28):
 PSYoungGen      total 5632K, used 5288K [0x00000000eab00000, 0x00000000eb380000, 0x0000000100000000)
  eden space 3584K, 100% used [0x00000000eab00000,0x00000000eae80000,0x00000000eae80000)
  from space 2048K, 83% used [0x00000000eae80000,0x00000000eb02a398,0x00000000eb080000)
  to   space 2560K, 0% used [0x00000000eb100000,0x00000000eb100000,0x00000000eb380000)
 ParOldGen       total 123904K, used 103832K [0x00000000c0000000, 0x00000000c7900000, 0x00000000eab00000)
  object space 123904K, 83% used [0x00000000c0000000,0x00000000c6566018,0x00000000c7900000)
 Metaspace       used 84363K, committed 85696K, reserved 1179648K
  class space    used 8560K, committed 9152K, reserved 1048576K
}
Event: 479.005 GC heap after
{Heap after GC invocations=1055 (full 28):
 PSYoungGen      total 6144K, used 2383K [0x00000000eab00000, 0x00000000eb380000, 0x0000000100000000)
  eden space 3584K, 0% used [0x00000000eab00000,0x00000000eab00000,0x00000000eae80000)
  from space 2560K, 93% used [0x00000000eb100000,0x00000000eb353da0,0x00000000eb380000)
  to   space 2560K, 0% used [0x00000000eae80000,0x00000000eae80000,0x00000000eb100000)
 ParOldGen       total 123904K, used 104116K [0x00000000c0000000, 0x00000000c7900000, 0x00000000eab00000)
  object space 123904K, 84% used [0x00000000c0000000,0x00000000c65ad078,0x00000000c7900000)
 Metaspace       used 84363K, committed 85696K, reserved 1179648K
  class space    used 8560K, committed 9152K, reserved 1048576K
}
Event: 479.422 GC heap before
{Heap before GC invocations=1056 (full 28):
 PSYoungGen      total 6144K, used 5967K [0x00000000eab00000, 0x00000000eb380000, 0x0000000100000000)
  eden space 3584K, 100% used [0x00000000eab00000,0x00000000eae80000,0x00000000eae80000)
  from space 2560K, 93% used [0x00000000eb100000,0x00000000eb353da0,0x00000000eb380000)
  to   space 2560K, 0% used [0x00000000eae80000,0x00000000eae80000,0x00000000eb100000)
 ParOldGen       total 123904K, used 104116K [0x00000000c0000000, 0x00000000c7900000, 0x00000000eab00000)
  object space 123904K, 84% used [0x00000000c0000000,0x00000000c65ad078,0x00000000c7900000)
 Metaspace       used 84373K, committed 85760K, reserved 1179648K
  class space    used 8561K, committed 9152K, reserved 1048576K
}
Event: 479.429 GC heap after
{Heap after GC invocations=1056 (full 28):
 PSYoungGen      total 6144K, used 2546K [0x00000000eab00000, 0x00000000eb580000, 0x0000000100000000)
  eden space 3584K, 0% used [0x00000000eab00000,0x00000000eab00000,0x00000000eae80000)
  from space 2560K, 99% used [0x00000000eae80000,0x00000000eb0fcb28,0x00000000eb100000)
  to   space 3584K, 0% used [0x00000000eb200000,0x00000000eb200000,0x00000000eb580000)
 ParOldGen       total 123904K, used 104906K [0x00000000c0000000, 0x00000000c7900000, 0x00000000eab00000)
  object space 123904K, 84% used [0x00000000c0000000,0x00000000c66728d8,0x00000000c7900000)
 Metaspace       used 84373K, committed 85760K, reserved 1179648K
  class space    used 8561K, committed 9152K, reserved 1048576K
}
Event: 480.172 GC heap before
{Heap before GC invocations=1057 (full 28):
 PSYoungGen      total 6144K, used 6130K [0x00000000eab00000, 0x00000000eb580000, 0x0000000100000000)
  eden space 3584K, 100% used [0x00000000eab00000,0x00000000eae80000,0x00000000eae80000)
  from space 2560K, 99% used [0x00000000eae80000,0x00000000eb0fcb28,0x00000000eb100000)
  to   space 3584K, 0% used [0x00000000eb200000,0x00000000eb200000,0x00000000eb580000)
 ParOldGen       total 123904K, used 104906K [0x00000000c0000000, 0x00000000c7900000, 0x00000000eab00000)
  object space 123904K, 84% used [0x00000000c0000000,0x00000000c66728d8,0x00000000c7900000)
 Metaspace       used 84409K, committed 85760K, reserved 1179648K
  class space    used 8565K, committed 9152K, reserved 1048576K
}
Event: 480.180 GC heap after
{Heap after GC invocations=1057 (full 28):
 PSYoungGen      total 5632K, used 1915K [0x00000000eab00000, 0x00000000eb400000, 0x0000000100000000)
  eden space 3584K, 0% used [0x00000000eab00000,0x00000000eab00000,0x00000000eae80000)
  from space 2048K, 93% used [0x00000000eb200000,0x00000000eb3ded78,0x00000000eb400000)
  to   space 2560K, 0% used [0x00000000eaf00000,0x00000000eaf00000,0x00000000eb180000)
 ParOldGen       total 123904K, used 106425K [0x00000000c0000000, 0x00000000c7900000, 0x00000000eab00000)
  object space 123904K, 85% used [0x00000000c0000000,0x00000000c67ee598,0x00000000c7900000)
 Metaspace       used 84409K, committed 85760K, reserved 1179648K
  class space    used 8565K, committed 9152K, reserved 1048576K
}
Event: 480.404 GC heap before
{Heap before GC invocations=1058 (full 28):
 PSYoungGen      total 5632K, used 5499K [0x00000000eab00000, 0x00000000eb400000, 0x0000000100000000)
  eden space 3584K, 100% used [0x00000000eab00000,0x00000000eae80000,0x00000000eae80000)
  from space 2048K, 93% used [0x00000000eb200000,0x00000000eb3ded78,0x00000000eb400000)
  to   space 2560K, 0% used [0x00000000eaf00000,0x00000000eaf00000,0x00000000eb180000)
 ParOldGen       total 123904K, used 106425K [0x00000000c0000000, 0x00000000c7900000, 0x00000000eab00000)
  object space 123904K, 85% used [0x00000000c0000000,0x00000000c67ee598,0x00000000c7900000)
 Metaspace       used 84422K, committed 85760K, reserved 1179648K
  class space    used 8566K, committed 9152K, reserved 1048576K
}
Event: 480.418 GC heap after
{Heap after GC invocations=1058 (full 28):
 PSYoungGen      total 6144K, used 2555K [0x00000000eab00000, 0x00000000eb480000, 0x0000000100000000)
  eden space 3584K, 0% used [0x00000000eab00000,0x00000000eab00000,0x00000000eae80000)
  from space 2560K, 99% used [0x00000000eaf00000,0x00000000eb17ed58,0x00000000eb180000)
  to   space 3072K, 0% used [0x00000000eb180000,0x00000000eb180000,0x00000000eb480000)
 ParOldGen       total 123904K, used 106601K [0x00000000c0000000, 0x00000000c7900000, 0x00000000eab00000)
  object space 123904K, 86% used [0x00000000c0000000,0x00000000c681a598,0x00000000c7900000)
 Metaspace       used 84422K, committed 85760K, reserved 1179648K
  class space    used 8566K, committed 9152K, reserved 1048576K
}
Event: 480.842 GC heap before
{Heap before GC invocations=1059 (full 28):
 PSYoungGen      total 6144K, used 5939K [0x00000000eab00000, 0x00000000eb480000, 0x0000000100000000)
  eden space 3584K, 94% used [0x00000000eab00000,0x00000000eae4e110,0x00000000eae80000)
  from space 2560K, 99% used [0x00000000eaf00000,0x00000000eb17ed58,0x00000000eb180000)
  to   space 3072K, 0% used [0x00000000eb180000,0x00000000eb180000,0x00000000eb480000)
 ParOldGen       total 123904K, used 106601K [0x00000000c0000000, 0x00000000c7900000, 0x00000000eab00000)
  object space 123904K, 86% used [0x00000000c0000000,0x00000000c681a598,0x00000000c7900000)
 Metaspace       used 84425K, committed 85760K, reserved 1179648K
  class space    used 8566K, committed 9152K, reserved 1048576K
}
Event: 480.854 GC heap after
{Heap after GC invocations=1059 (full 28):
 PSYoungGen      total 6144K, used 3017K [0x00000000eab00000, 0x00000000eb580000, 0x0000000100000000)
  eden space 3072K, 0% used [0x00000000eab00000,0x00000000eab00000,0x00000000eae00000)
  from space 3072K, 98% used [0x00000000eb180000,0x00000000eb472558,0x00000000eb480000)
  to   space 3584K, 0% used [0x00000000eae00000,0x00000000eae00000,0x00000000eb180000)
 ParOldGen       total 123904K, used 108539K [0x00000000c0000000, 0x00000000c7900000, 0x00000000eab00000)
  object space 123904K, 87% used [0x00000000c0000000,0x00000000c69fefd8,0x00000000c7900000)
 Metaspace       used 84425K, committed 85760K, reserved 1179648K
  class space    used 8566K, committed 9152K, reserved 1048576K
}
Event: 481.029 GC heap before
{Heap before GC invocations=1060 (full 28):
 PSYoungGen      total 6144K, used 6089K [0x00000000eab00000, 0x00000000eb580000, 0x0000000100000000)
  eden space 3072K, 100% used [0x00000000eab00000,0x00000000eae00000,0x00000000eae00000)
  from space 3072K, 98% used [0x00000000eb180000,0x00000000eb472558,0x00000000eb480000)
  to   space 3584K, 0% used [0x00000000eae00000,0x00000000eae00000,0x00000000eb180000)
 ParOldGen       total 123904K, used 108539K [0x00000000c0000000, 0x00000000c7900000, 0x00000000eab00000)
  object space 123904K, 87% used [0x00000000c0000000,0x00000000c69fefd8,0x00000000c7900000)
 Metaspace       used 84434K, committed 85760K, reserved 1179648K
  class space    used 8567K, committed 9152K, reserved 1048576K
}
Event: 481.033 GC heap after
{Heap after GC invocations=1060 (full 28):
 PSYoungGen      total 5120K, used 1772K [0x00000000eab00000, 0x00000000eb300000, 0x0000000100000000)
  eden space 3072K, 0% used [0x00000000eab00000,0x00000000eab00000,0x00000000eae00000)
  from space 2048K, 86% used [0x00000000eae00000,0x00000000eafbb038,0x00000000eb000000)
  to   space 2560K, 0% used [0x00000000eb080000,0x00000000eb080000,0x00000000eb300000)
 ParOldGen       total 123904K, used 108539K [0x00000000c0000000, 0x00000000c7900000, 0x00000000eab00000)
  object space 123904K, 87% used [0x00000000c0000000,0x00000000c69fefd8,0x00000000c7900000)
 Metaspace       used 84434K, committed 85760K, reserved 1179648K
  class space    used 8567K, committed 9152K, reserved 1048576K
}
Event: 481.089 GC heap before
{Heap before GC invocations=1061 (full 28):
 PSYoungGen      total 5120K, used 4844K [0x00000000eab00000, 0x00000000eb300000, 0x0000000100000000)
  eden space 3072K, 100% used [0x00000000eab00000,0x00000000eae00000,0x00000000eae00000)
  from space 2048K, 86% used [0x00000000eae00000,0x00000000eafbb038,0x00000000eb000000)
  to   space 2560K, 0% used [0x00000000eb080000,0x00000000eb080000,0x00000000eb300000)
 ParOldGen       total 123904K, used 108539K [0x00000000c0000000, 0x00000000c7900000, 0x00000000eab00000)
  object space 123904K, 87% used [0x00000000c0000000,0x00000000c69fefd8,0x00000000c7900000)
 Metaspace       used 84442K, committed 85824K, reserved 1179648K
  class space    used 8568K, committed 9152K, reserved 1048576K
}
Event: 481.092 GC heap after
{Heap after GC invocations=1061 (full 28):
 PSYoungGen      total 5632K, used 2410K [0x00000000eab00000, 0x00000000eb300000, 0x0000000100000000)
  eden space 3072K, 0% used [0x00000000eab00000,0x00000000eab00000,0x00000000eae00000)
  from space 2560K, 94% used [0x00000000eb080000,0x00000000eb2da980,0x00000000eb300000)
  to   space 2560K, 0% used [0x00000000eae00000,0x00000000eae00000,0x00000000eb080000)
 ParOldGen       total 123904K, used 108539K [0x00000000c0000000, 0x00000000c7900000, 0x00000000eab00000)
  object space 123904K, 87% used [0x00000000c0000000,0x00000000c69fefd8,0x00000000c7900000)
 Metaspace       used 84442K, committed 85824K, reserved 1179648K
  class space    used 8568K, committed 9152K, reserved 1048576K
}
Event: 481.137 GC heap before
{Heap before GC invocations=1062 (full 28):
 PSYoungGen      total 5632K, used 5482K [0x00000000eab00000, 0x00000000eb300000, 0x0000000100000000)
  eden space 3072K, 100% used [0x00000000eab00000,0x00000000eae00000,0x00000000eae00000)
  from space 2560K, 94% used [0x00000000eb080000,0x00000000eb2da980,0x00000000eb300000)
  to   space 2560K, 0% used [0x00000000eae00000,0x00000000eae00000,0x00000000eb080000)
 ParOldGen       total 123904K, used 108539K [0x00000000c0000000, 0x00000000c7900000, 0x00000000eab00000)
  object space 123904K, 87% used [0x00000000c0000000,0x00000000c69fefd8,0x00000000c7900000)
 Metaspace       used 84442K, committed 85824K, reserved 1179648K
  class space    used 8568K, committed 9152K, reserved 1048576K
}
Event: 481.140 GC heap after
{Heap after GC invocations=1062 (full 28):
 PSYoungGen      total 5632K, used 2558K [0x00000000eab00000, 0x00000000eb400000, 0x0000000100000000)
  eden space 3072K, 0% used [0x00000000eab00000,0x00000000eab00000,0x00000000eae00000)
  from space 2560K, 99% used [0x00000000eae00000,0x00000000eb07fb18,0x00000000eb080000)
  to   space 3072K, 0% used [0x00000000eb100000,0x00000000eb100000,0x00000000eb400000)
 ParOldGen       total 123904K, used 108917K [0x00000000c0000000, 0x00000000c7900000, 0x00000000eab00000)
  object space 123904K, 87% used [0x00000000c0000000,0x00000000c6a5d7d0,0x00000000c7900000)
 Metaspace       used 84442K, committed 85824K, reserved 1179648K
  class space    used 8568K, committed 9152K, reserved 1048576K
}

Dll operation events (11 events):
Event: 0.037 Loaded shared library c:\Users\PUB 1520\.vscode\extensions\redhat.java-1.32.0-win32-x64\jre\17.0.11-win32-x86_64\bin\java.dll
Event: 1.379 Loaded shared library c:\Users\PUB 1520\.vscode\extensions\redhat.java-1.32.0-win32-x64\jre\17.0.11-win32-x86_64\bin\zip.dll
Event: 1.480 Loaded shared library C:\Users\PUB 1520\.vscode\extensions\redhat.java-1.32.0-win32-x64\jre\17.0.11-win32-x86_64\bin\instrument.dll
Event: 1.864 Loaded shared library C:\Users\PUB 1520\.vscode\extensions\redhat.java-1.32.0-win32-x64\jre\17.0.11-win32-x86_64\bin\net.dll
Event: 2.001 Loaded shared library C:\Users\PUB 1520\.vscode\extensions\redhat.java-1.32.0-win32-x64\jre\17.0.11-win32-x86_64\bin\nio.dll
Event: 2.068 Loaded shared library C:\Users\PUB 1520\.vscode\extensions\redhat.java-1.32.0-win32-x64\jre\17.0.11-win32-x86_64\bin\zip.dll
Event: 2.422 Loaded shared library C:\Users\PUB 1520\.vscode\extensions\redhat.java-1.32.0-win32-x64\jre\17.0.11-win32-x86_64\bin\jimage.dll
Event: 3.367 Loaded shared library c:\Users\PUB 1520\.vscode\extensions\redhat.java-1.32.0-win32-x64\jre\17.0.11-win32-x86_64\bin\verify.dll
Event: 12.918 Loaded shared library C:\Users\PUB 1520\AppData\Roaming\Code\User\globalStorage\redhat.java\1.32.0\config_win\org.eclipse.equinox.launcher\org.eclipse.equinox.launcher.win32.win32.x86_64_1.2.1100.v20240613-2013\eclipse_11903.dll
Event: 39.068 Loaded shared library C:\Users\PUB 1520\AppData\Local\Temp\jna-2034863813\jna9110736989035472595.dll
Event: 51.148 Loaded shared library C:\Users\PUB 1520\.vscode\extensions\redhat.java-1.32.0-win32-x64\jre\17.0.11-win32-x86_64\bin\sunmscapi.dll

Deoptimization events (20 events):
Event: 480.859 Thread 0x0000029b146be3a0 DEOPT PACKING pc=0x0000029b0169f9ad sp=0x000000a18c1fc8c0
Event: 480.859 Thread 0x0000029b146be3a0 DEOPT UNPACKING pc=0x0000029b0758a9e3 sp=0x000000a18c1fbd48 mode 0
Event: 480.859 Thread 0x0000029b146be3a0 Uncommon trap: trap_request=0xffffff6e fr.pc=0x0000029b0867b8c0 relative=0x00000000000013a0
Event: 480.859 Thread 0x0000029b146be3a0 Uncommon trap: reason=loop_limit_check action=maybe_recompile pc=0x0000029b0867b8c0 method=org.eclipse.jdt.internal.compiler.SourceElementParser.getTypeReference(I)Lorg/eclipse/jdt/internal/compiler/ast/TypeReference; @ 760 c2
Event: 480.859 Thread 0x0000029b146be3a0 DEOPT PACKING pc=0x0000029b0867b8c0 sp=0x000000a18c1fc980
Event: 480.859 Thread 0x0000029b146be3a0 DEOPT UNPACKING pc=0x0000029b07589ea3 sp=0x000000a18c1fc940 mode 2
Event: 480.866 Thread 0x0000029b146be3a0 DEOPT PACKING pc=0x0000029b0169f9ad sp=0x000000a18c1fc8c0
Event: 480.866 Thread 0x0000029b146be3a0 DEOPT UNPACKING pc=0x0000029b0758a9e3 sp=0x000000a18c1fbd48 mode 0
Event: 480.908 Thread 0x0000029b146bc030 Uncommon trap: trap_request=0xffffff45 fr.pc=0x0000029b07f79a48 relative=0x00000000000010e8
Event: 480.908 Thread 0x0000029b146bc030 Uncommon trap: reason=unstable_if action=reinterpret pc=0x0000029b07f79a48 method=org.eclipse.jdt.internal.core.manipulation.dom.ASTResolving.isWriteAccess(Lorg/eclipse/jdt/core/dom/Name;)Z @ 14 c2
Event: 480.908 Thread 0x0000029b146bc030 DEOPT PACKING pc=0x0000029b07f79a48 sp=0x000000a18c2fd890
Event: 480.908 Thread 0x0000029b146bc030 DEOPT UNPACKING pc=0x0000029b07589ea3 sp=0x000000a18c2fd828 mode 2
Event: 481.041 Thread 0x0000029b146be3a0 DEOPT PACKING pc=0x0000029b0169f9ad sp=0x000000a18c1fc8c0
Event: 481.041 Thread 0x0000029b146be3a0 DEOPT UNPACKING pc=0x0000029b0758a9e3 sp=0x000000a18c1fbd48 mode 0
Event: 481.053 Thread 0x0000029b146be3a0 DEOPT PACKING pc=0x0000029b0169f9ad sp=0x000000a18c1fc8c0
Event: 481.053 Thread 0x0000029b146be3a0 DEOPT UNPACKING pc=0x0000029b0758a9e3 sp=0x000000a18c1fbd48 mode 0
Event: 481.131 Thread 0x0000029b146bf2d0 Uncommon trap: trap_request=0xffffffc6 fr.pc=0x0000029b08107930 relative=0x0000000000000bf0
Event: 481.131 Thread 0x0000029b146bf2d0 Uncommon trap: reason=bimorphic_or_optimized_type_check action=maybe_recompile pc=0x0000029b08107930 method=org.eclipse.jdt.internal.compiler.lookup.ReferenceBinding.storeAnnotations(Lorg/eclipse/jdt/internal/compiler/lookup/Binding;[Lorg/eclipse/jdt/inte
Event: 481.131 Thread 0x0000029b146bf2d0 DEOPT PACKING pc=0x0000029b08107930 sp=0x000000a18defd8e0
Event: 481.131 Thread 0x0000029b146bf2d0 DEOPT UNPACKING pc=0x0000029b07589ea3 sp=0x000000a18defd880 mode 2

Classes unloaded (8 events):
Event: 35.651 Thread 0x0000029b7898c3b0 Unloading class 0x0000000100250400 'java/lang/invoke/LambdaForm$MH+0x0000000100250400'
Event: 35.651 Thread 0x0000029b7898c3b0 Unloading class 0x0000000100250000 'java/lang/invoke/LambdaForm$MH+0x0000000100250000'
Event: 35.651 Thread 0x0000029b7898c3b0 Unloading class 0x000000010024bc00 'java/lang/invoke/LambdaForm$MH+0x000000010024bc00'
Event: 35.651 Thread 0x0000029b7898c3b0 Unloading class 0x000000010024b800 'java/lang/invoke/LambdaForm$MH+0x000000010024b800'
Event: 35.651 Thread 0x0000029b7898c3b0 Unloading class 0x000000010024b400 'java/lang/invoke/LambdaForm$BMH+0x000000010024b400'
Event: 35.651 Thread 0x0000029b7898c3b0 Unloading class 0x000000010024b000 'java/lang/invoke/LambdaForm$DMH+0x000000010024b000'
Event: 35.651 Thread 0x0000029b7898c3b0 Unloading class 0x0000000100248400 'java/lang/invoke/LambdaForm$DMH+0x0000000100248400'
Event: 59.529 Thread 0x0000029b7898c3b0 Unloading class 0x0000000100729000 'java/lang/invoke/LambdaForm$MH+0x0000000100729000'

Classes redefined (0 events):
No events

Internal exceptions (20 events):
Event: 451.707 Thread 0x0000029b158adbb0 Exception <a 'java/lang/ClassNotFoundException'{0x00000000eb052080}: sun/net/www/protocol/jdt/Handler> (0x00000000eb052080) 
thrown [s\src\hotspot\share\classfile\systemDictionary.cpp, line 256]
Event: 451.902 Thread 0x0000029b158adbb0 Exception <a 'java/lang/ClassNotFoundException'{0x00000000ead65bd8}: sun/net/www/protocol/jdt/Handler> (0x00000000ead65bd8) 
thrown [s\src\hotspot\share\classfile\systemDictionary.cpp, line 256]
Event: 451.902 Thread 0x0000029b158adbb0 Exception <a 'java/lang/ClassNotFoundException'{0x00000000ead78a90}: sun/net/www/protocol/jdt/Handler> (0x00000000ead78a90) 
thrown [s\src\hotspot\share\classfile\systemDictionary.cpp, line 256]
Event: 451.978 Thread 0x0000029b158adbb0 Exception <a 'java/lang/ClassNotFoundException'{0x00000000ead7aa08}: sun/net/www/protocol/jdt/Handler> (0x00000000ead7aa08) 
thrown [s\src\hotspot\share\classfile\systemDictionary.cpp, line 256]
Event: 452.409 Thread 0x0000029b146be3a0 Exception <a 'java/lang/ArrayIndexOutOfBoundsException'{0x00000000eaf70688}> (0x00000000eaf70688) 
thrown [s\src\hotspot\share\runtime\sharedRuntime.cpp, line 631]
Event: 452.409 Thread 0x0000029b146be3a0 Exception <a 'java/lang/ArrayIndexOutOfBoundsException'{0x00000000eaf70cb0}> (0x00000000eaf70cb0) 
thrown [s\src\hotspot\share\runtime\sharedRuntime.cpp, line 631]
Event: 452.409 Thread 0x0000029b146be3a0 Exception <a 'java/lang/ArrayIndexOutOfBoundsException'{0x00000000eaf70fd0}> (0x00000000eaf70fd0) 
thrown [s\src\hotspot\share\runtime\sharedRuntime.cpp, line 631]
Event: 452.943 Thread 0x0000029b146bde90 Exception <a 'java/lang/ArrayIndexOutOfBoundsException'{0x00000000eac46188}> (0x00000000eac46188) 
thrown [s\src\hotspot\share\runtime\sharedRuntime.cpp, line 631]
Event: 452.990 Thread 0x0000029b146bde90 Exception <a 'java/lang/ArrayIndexOutOfBoundsException'{0x00000000eac4df88}> (0x00000000eac4df88) 
thrown [s\src\hotspot\share\runtime\sharedRuntime.cpp, line 631]
Event: 452.990 Thread 0x0000029b146bde90 Exception <a 'java/lang/ArrayIndexOutOfBoundsException'{0x00000000eac4e550}> (0x00000000eac4e550) 
thrown [s\src\hotspot\share\runtime\sharedRuntime.cpp, line 631]
Event: 453.638 Thread 0x0000029b146bf7e0 Exception <a 'java/lang/ArrayIndexOutOfBoundsException'{0x00000000eabe4788}> (0x00000000eabe4788) 
thrown [s\src\hotspot\share\runtime\sharedRuntime.cpp, line 631]
Event: 453.638 Thread 0x0000029b146bf7e0 Exception <a 'java/lang/ArrayIndexOutOfBoundsException'{0x00000000eabe4db0}> (0x00000000eabe4db0) 
thrown [s\src\hotspot\share\runtime\sharedRuntime.cpp, line 631]
Event: 453.638 Thread 0x0000029b146bf7e0 Exception <a 'java/lang/ArrayIndexOutOfBoundsException'{0x00000000eabe5320}> (0x00000000eabe5320) 
thrown [s\src\hotspot\share\runtime\sharedRuntime.cpp, line 631]
Event: 457.098 Thread 0x0000029b146bf7e0 Exception <a 'java/lang/ArrayIndexOutOfBoundsException'{0x00000000eabd4300}> (0x00000000eabd4300) 
thrown [s\src\hotspot\share\runtime\sharedRuntime.cpp, line 631]
Event: 457.098 Thread 0x0000029b146bf7e0 Exception <a 'java/lang/ArrayIndexOutOfBoundsException'{0x00000000eabd4928}> (0x00000000eabd4928) 
thrown [s\src\hotspot\share\runtime\sharedRuntime.cpp, line 631]
Event: 457.098 Thread 0x0000029b146bf7e0 Exception <a 'java/lang/ArrayIndexOutOfBoundsException'{0x00000000eabd4c48}> (0x00000000eabd4c48) 
thrown [s\src\hotspot\share\runtime\sharedRuntime.cpp, line 631]
Event: 472.610 Thread 0x0000029b146bfcf0 Exception <a 'java/lang/ArrayIndexOutOfBoundsException'{0x00000000eab8d710}: Index 2 out of bounds for length 2> (0x00000000eab8d710) 
thrown [s\src\hotspot\share\interpreter\interpreterRuntime.cpp, line 428]
Event: 472.974 Thread 0x0000029b146bfcf0 Exception <a 'java/lang/ArrayIndexOutOfBoundsException'{0x00000000ead59de0}> (0x00000000ead59de0) 
thrown [s\src\hotspot\share\runtime\sharedRuntime.cpp, line 631]
Event: 478.829 Thread 0x0000029b146bf7e0 Implicit null exception at 0x0000029b0864a6f9 to 0x0000029b0864b974
Event: 479.282 Thread 0x0000029b146bf7e0 Implicit null exception at 0x0000029b086a247e to 0x0000029b086a3a3c

VM Operations (20 events):
Event: 479.089 Executing VM operation: HandshakeAllThreads
Event: 479.089 Executing VM operation: HandshakeAllThreads done
Event: 479.421 Executing VM operation: ParallelGCFailedAllocation
Event: 479.429 Executing VM operation: ParallelGCFailedAllocation done
Event: 479.988 Executing VM operation: HandshakeAllThreads
Event: 479.989 Executing VM operation: HandshakeAllThreads done
Event: 480.038 Executing VM operation: ParallelGCFailedAllocation
Event: 480.181 Executing VM operation: ParallelGCFailedAllocation done
Event: 480.376 Executing VM operation: ParallelGCFailedAllocation
Event: 480.502 Executing VM operation: ParallelGCFailedAllocation done
Event: 480.668 Executing VM operation: ParallelGCFailedAllocation
Event: 480.857 Executing VM operation: ParallelGCFailedAllocation done
Event: 480.934 Executing VM operation: ParallelGCFailedAllocation
Event: 481.040 Executing VM operation: ParallelGCFailedAllocation done
Event: 481.089 Executing VM operation: ParallelGCFailedAllocation
Event: 481.109 Executing VM operation: ParallelGCFailedAllocation done
Event: 481.137 Executing VM operation: ParallelGCFailedAllocation
Event: 481.161 Executing VM operation: ParallelGCFailedAllocation done
Event: 481.161 Executing VM operation: HandshakeAllThreads
Event: 481.161 Executing VM operation: HandshakeAllThreads done

Events (20 events):
Event: 458.872 Thread 0x0000029b7e8dd570 flushing nmethod 0x0000029b01cf9190
Event: 458.872 Thread 0x0000029b7e8dd570 flushing nmethod 0x0000029b01d15a90
Event: 458.872 Thread 0x0000029b7e8dd570 flushing nmethod 0x0000029b01d1bd90
Event: 458.872 Thread 0x0000029b7e8dd570 flushing nmethod 0x0000029b01d1c590
Event: 458.872 Thread 0x0000029b7e8dd570 flushing nmethod 0x0000029b01d1cb10
Event: 458.873 Thread 0x0000029b7e8dd570 flushing nmethod 0x0000029b01d33910
Event: 458.873 Thread 0x0000029b7e8dd570 flushing nmethod 0x0000029b01db8c10
Event: 458.873 Thread 0x0000029b7e8dd570 flushing nmethod 0x0000029b01df4210
Event: 458.873 Thread 0x0000029b7e8dd570 flushing nmethod 0x0000029b01e02790
Event: 458.873 Thread 0x0000029b7e8dd570 flushing nmethod 0x0000029b01e02b10
Event: 458.873 Thread 0x0000029b7e8dd570 flushing nmethod 0x0000029b01e02e90
Event: 468.036 Thread 0x0000029b146c0710 Thread exited: 0x0000029b146c0710
Event: 468.036 Thread 0x0000029b146bca50 Thread exited: 0x0000029b146bca50
Event: 468.036 Thread 0x0000029b7f36b060 Thread exited: 0x0000029b7f36b060
Event: 478.448 Thread 0x0000029b7e8dd570 flushing nmethod 0x0000029b01065e90
Event: 478.452 Thread 0x0000029b7e8dd570 flushing nmethod 0x0000029b0147a790
Event: 478.453 Thread 0x0000029b7e8dd570 flushing nmethod 0x0000029b015fa510
Event: 478.454 Thread 0x0000029b7e8dd570 flushing nmethod 0x0000029b016df090
Event: 478.455 Thread 0x0000029b7e8dd570 flushing nmethod 0x0000029b0179a610
Event: 478.455 Thread 0x0000029b7e8dd570 flushing nmethod 0x0000029b01813290


Dynamic libraries:
0x00007ff7ba460000 - 0x00007ff7ba46e000 	c:\Users\PUB 1520\.vscode\extensions\redhat.java-1.32.0-win32-x64\jre\17.0.11-win32-x86_64\bin\java.exe
0x00007ffaf1990000 - 0x00007ffaf1ba7000 	C:\WINDOWS\SYSTEM32\ntdll.dll
0x00007ffaf06b0000 - 0x00007ffaf0774000 	C:\WINDOWS\System32\KERNEL32.DLL
0x00007ffaef2f0000 - 0x00007ffaef69c000 	C:\WINDOWS\System32\KERNELBASE.dll
0x00007ffaeef10000 - 0x00007ffaef021000 	C:\WINDOWS\System32\ucrtbase.dll
0x00007ffac7310000 - 0x00007ffac7327000 	c:\Users\PUB 1520\.vscode\extensions\redhat.java-1.32.0-win32-x64\jre\17.0.11-win32-x86_64\bin\jli.dll
0x00007ffaf1250000 - 0x00007ffaf13fe000 	C:\WINDOWS\System32\USER32.dll
0x00007ffaef2c0000 - 0x00007ffaef2e6000 	C:\WINDOWS\System32\win32u.dll
0x00007ffaf18c0000 - 0x00007ffaf18e9000 	C:\WINDOWS\System32\GDI32.dll
0x00007ffaef030000 - 0x00007ffaef149000 	C:\WINDOWS\System32\gdi32full.dll
0x00007ffaeed80000 - 0x00007ffaeee1a000 	C:\WINDOWS\System32\msvcp_win.dll
0x00007ffac4f90000 - 0x00007ffac4fab000 	c:\Users\PUB 1520\.vscode\extensions\redhat.java-1.32.0-win32-x64\jre\17.0.11-win32-x86_64\bin\VCRUNTIME140.dll
0x00007ffadbcf0000 - 0x00007ffadbf83000 	C:\WINDOWS\WinSxS\amd64_microsoft.windows.common-controls_6595b64144ccf1df_6.0.22621.3672_none_2713b9d173822955\COMCTL32.dll
0x00007ffaf0520000 - 0x00007ffaf05c7000 	C:\WINDOWS\System32\msvcrt.dll
0x00007ffaf1600000 - 0x00007ffaf1631000 	C:\WINDOWS\System32\IMM32.DLL
0x00007ffae9e70000 - 0x00007ffae9e7c000 	c:\Users\PUB 1520\.vscode\extensions\redhat.java-1.32.0-win32-x64\jre\17.0.11-win32-x86_64\bin\vcruntime140_1.dll
0x00007ffaace40000 - 0x00007ffaacecd000 	c:\Users\PUB 1520\.vscode\extensions\redhat.java-1.32.0-win32-x64\jre\17.0.11-win32-x86_64\bin\msvcp140.dll
0x00007ffa73220000 - 0x00007ffa73e82000 	c:\Users\PUB 1520\.vscode\extensions\redhat.java-1.32.0-win32-x64\jre\17.0.11-win32-x86_64\bin\server\jvm.dll
0x00007ffaf0890000 - 0x00007ffaf0942000 	C:\WINDOWS\System32\ADVAPI32.dll
0x00007ffaf0400000 - 0x00007ffaf04aa000 	C:\WINDOWS\System32\sechost.dll
0x00007ffaef6a0000 - 0x00007ffaef6c8000 	C:\WINDOWS\System32\bcrypt.dll
0x00007ffaf1130000 - 0x00007ffaf1245000 	C:\WINDOWS\System32\RPCRT4.dll
0x00007ffaedb10000 - 0x00007ffaedb5d000 	C:\WINDOWS\SYSTEM32\POWRPROF.dll
0x00007ffacb030000 - 0x00007ffacb039000 	C:\WINDOWS\SYSTEM32\WSOCK32.dll
0x00007ffaf17f0000 - 0x00007ffaf1861000 	C:\WINDOWS\System32\WS2_32.dll
0x00007ffae7fc0000 - 0x00007ffae7ff4000 	C:\WINDOWS\SYSTEM32\WINMM.dll
0x00007ffae7a70000 - 0x00007ffae7a7a000 	C:\WINDOWS\SYSTEM32\VERSION.dll
0x00007ffaedaf0000 - 0x00007ffaedb03000 	C:\WINDOWS\SYSTEM32\UMPDC.dll
0x00007ffaedda0000 - 0x00007ffaeddb8000 	C:\WINDOWS\SYSTEM32\kernel.appcore.dll
0x00007ffae81a0000 - 0x00007ffae81aa000 	c:\Users\PUB 1520\.vscode\extensions\redhat.java-1.32.0-win32-x64\jre\17.0.11-win32-x86_64\bin\jimage.dll
0x00007ffaec760000 - 0x00007ffaec992000 	C:\WINDOWS\SYSTEM32\DBGHELP.DLL
0x00007ffaef6d0000 - 0x00007ffaefa58000 	C:\WINDOWS\System32\combase.dll
0x00007ffaefac0000 - 0x00007ffaefb97000 	C:\WINDOWS\System32\OLEAUT32.dll
0x00007ffac78d0000 - 0x00007ffac7902000 	C:\WINDOWS\SYSTEM32\dbgcore.DLL
0x00007ffaeee90000 - 0x00007ffaeef0b000 	C:\WINDOWS\System32\bcryptPrimitives.dll
0x00007ffad39c0000 - 0x00007ffad39ce000 	c:\Users\PUB 1520\.vscode\extensions\redhat.java-1.32.0-win32-x64\jre\17.0.11-win32-x86_64\bin\instrument.dll
0x00007ffac1f40000 - 0x00007ffac1f65000 	c:\Users\PUB 1520\.vscode\extensions\redhat.java-1.32.0-win32-x64\jre\17.0.11-win32-x86_64\bin\java.dll
0x00007ffac22b0000 - 0x00007ffac22c8000 	c:\Users\PUB 1520\.vscode\extensions\redhat.java-1.32.0-win32-x64\jre\17.0.11-win32-x86_64\bin\zip.dll
0x00007ffaefba0000 - 0x00007ffaf03fc000 	C:\WINDOWS\System32\SHELL32.dll
0x00007ffaecbd0000 - 0x00007ffaed4c7000 	C:\WINDOWS\SYSTEM32\windows.storage.dll
0x00007ffaeca90000 - 0x00007ffaecbcf000 	C:\WINDOWS\SYSTEM32\wintypes.dll
0x00007ffaf0780000 - 0x00007ffaf0874000 	C:\WINDOWS\System32\SHCORE.dll
0x00007ffaefa60000 - 0x00007ffaefabe000 	C:\WINDOWS\System32\shlwapi.dll
0x00007ffaeebf0000 - 0x00007ffaeec11000 	C:\WINDOWS\SYSTEM32\profapi.dll
0x00007ffac3d60000 - 0x00007ffac3d79000 	C:\Users\PUB 1520\.vscode\extensions\redhat.java-1.32.0-win32-x64\jre\17.0.11-win32-x86_64\bin\net.dll
0x00007ffae77a0000 - 0x00007ffae78d6000 	C:\WINDOWS\SYSTEM32\WINHTTP.dll
0x00007ffaee210000 - 0x00007ffaee279000 	C:\WINDOWS\system32\mswsock.dll
0x00007ffac13e0000 - 0x00007ffac13f6000 	C:\Users\PUB 1520\.vscode\extensions\redhat.java-1.32.0-win32-x64\jre\17.0.11-win32-x86_64\bin\nio.dll
0x00007ffad1090000 - 0x00007ffad10a0000 	c:\Users\PUB 1520\.vscode\extensions\redhat.java-1.32.0-win32-x64\jre\17.0.11-win32-x86_64\bin\verify.dll
0x00007ffab7160000 - 0x00007ffab71a4000 	C:\Users\PUB 1520\AppData\Roaming\Code\User\globalStorage\redhat.java\1.32.0\config_win\org.eclipse.equinox.launcher\org.eclipse.equinox.launcher.win32.win32.x86_64_1.2.1100.v20240613-2013\eclipse_11903.dll
0x00007ffaf1640000 - 0x00007ffaf17e5000 	C:\WINDOWS\System32\ole32.dll
0x00007ffaee460000 - 0x00007ffaee47b000 	C:\WINDOWS\SYSTEM32\CRYPTSP.dll
0x00007ffaedd00000 - 0x00007ffaedd35000 	C:\WINDOWS\system32\rsaenh.dll
0x00007ffaee2d0000 - 0x00007ffaee2f8000 	C:\WINDOWS\SYSTEM32\USERENV.dll
0x00007ffaee450000 - 0x00007ffaee45c000 	C:\WINDOWS\SYSTEM32\CRYPTBASE.dll
0x00007ffaed7a0000 - 0x00007ffaed7cd000 	C:\WINDOWS\SYSTEM32\IPHLPAPI.DLL
0x00007ffaf0b10000 - 0x00007ffaf0b19000 	C:\WINDOWS\System32\NSI.dll
0x00007ffaea860000 - 0x00007ffaea879000 	C:\WINDOWS\SYSTEM32\dhcpcsvc6.DLL
0x00007ffae7a80000 - 0x00007ffae7a9f000 	C:\WINDOWS\SYSTEM32\dhcpcsvc.DLL
0x00007ffaed7d0000 - 0x00007ffaed8c8000 	C:\WINDOWS\SYSTEM32\DNSAPI.dll
0x00007ffab89b0000 - 0x00007ffab89f5000 	C:\Users\PUB 1520\AppData\Local\Temp\jna-2034863813\jna9110736989035472595.dll
0x00007ffaf0510000 - 0x00007ffaf0518000 	C:\WINDOWS\System32\PSAPI.DLL
0x00007ffae81e0000 - 0x00007ffae81ee000 	C:\Users\PUB 1520\.vscode\extensions\redhat.java-1.32.0-win32-x64\jre\17.0.11-win32-x86_64\bin\sunmscapi.dll
0x00007ffaef150000 - 0x00007ffaef2b7000 	C:\WINDOWS\System32\CRYPT32.dll
0x00007ffaee650000 - 0x00007ffaee67e000 	C:\WINDOWS\SYSTEM32\ncrypt.dll
0x00007ffaee610000 - 0x00007ffaee647000 	C:\WINDOWS\SYSTEM32\NTASN1.dll

dbghelp: loaded successfully - version: 4.0.5 - missing functions: none
symbol engine: initialized successfully - sym options: 0x614 - pdb path: .;c:\Users\PUB 1520\.vscode\extensions\redhat.java-1.32.0-win32-x64\jre\17.0.11-win32-x86_64\bin;C:\WINDOWS\SYSTEM32;C:\WINDOWS\WinSxS\amd64_microsoft.windows.common-controls_6595b64144ccf1df_6.0.22621.3672_none_2713b9d173822955;c:\Users\PUB 1520\.vscode\extensions\redhat.java-1.32.0-win32-x64\jre\17.0.11-win32-x86_64\bin\server;C:\Users\PUB 1520\AppData\Roaming\Code\User\globalStorage\redhat.java\1.32.0\config_win\org.eclipse.equinox.launcher\org.eclipse.equinox.launcher.win32.win32.x86_64_1.2.1100.v20240613-2013;C:\Users\PUB 1520\AppData\Local\Temp\jna-2034863813

VM Arguments:
jvm_args: --add-modules=ALL-SYSTEM --add-opens=java.base/java.util=ALL-UNNAMED --add-opens=java.base/java.lang=ALL-UNNAMED --add-opens=java.base/sun.nio.fs=ALL-UNNAMED -Declipse.application=org.eclipse.jdt.ls.core.id1 -Dosgi.bundles.defaultStartLevel=4 -Declipse.product=org.eclipse.jdt.ls.core.product -Djava.import.generatesMetadataFilesAtProjectRoot=false -DDetectVMInstallationsJob.disabled=true -Dfile.encoding=utf8 -XX:+UseParallelGC -XX:GCTimeRatio=4 -XX:AdaptiveSizePolicyWeight=90 -Dsun.zip.disableMemoryMapping=true -Xmx1G -Xms100m -Xlog:disable -javaagent:c:\Users\PUB 1520\.vscode\extensions\redhat.java-1.32.0-win32-x64\lombok\lombok-1.18.33.jar -XX:+HeapDumpOnOutOfMemoryError -XX:HeapDumpPath=c:\Users\PUB 1520\AppData\Roaming\Code\User\workspaceStorage\0d0f664c8f7d8576d827c6b8c84ea1aa\redhat.java -Daether.dependencyCollector.impl=bf 
java_command: c:\Users\PUB 1520\.vscode\extensions\redhat.java-1.32.0-win32-x64\server\plugins\org.eclipse.equinox.launcher_1.6.900.v20240613-2009.jar -configuration c:\Users\PUB 1520\AppData\Roaming\Code\User\globalStorage\redhat.java\1.32.0\config_win -data c:\Users\PUB 1520\AppData\Roaming\Code\User\workspaceStorage\0d0f664c8f7d8576d827c6b8c84ea1aa\redhat.java\jdt_ws --pipe=\\.\pipe\lsp-4c71b847c637a4f3c1ad9c6924d5d695-sock
java_class_path (initial): c:\Users\PUB 1520\.vscode\extensions\redhat.java-1.32.0-win32-x64\server\plugins\org.eclipse.equinox.launcher_1.6.900.v20240613-2009.jar
Launcher Type: SUN_STANDARD

[Global flags]
    uintx AdaptiveSizePolicyWeight                 = 90                                        {product} {command line}
     intx CICompilerCount                          = 3                                         {product} {ergonomic}
    uintx GCTimeRatio                              = 4                                         {product} {command line}
     bool HeapDumpOnOutOfMemoryError               = true                                   {manageable} {command line}
    ccstr HeapDumpPath                             = c:\Users\PUB 1520\AppData\Roaming\Code\User\workspaceStorage\0d0f664c8f7d8576d827c6b8c84ea1aa\redhat.java         {manageable} {command line}
   size_t InitialHeapSize                          = 104857600                                 {product} {command line}
   size_t MaxHeapSize                              = 1073741824                                {product} {command line}
   size_t MaxNewSize                               = 357564416                                 {product} {ergonomic}
   size_t MinHeapDeltaBytes                        = 524288                                    {product} {ergonomic}
   size_t MinHeapSize                              = 104857600                                 {product} {command line}
   size_t NewSize                                  = 34603008                                  {product} {ergonomic}
    uintx NonNMethodCodeHeapSize                   = 5832780                                {pd product} {ergonomic}
    uintx NonProfiledCodeHeapSize                  = 122912730                              {pd product} {ergonomic}
   size_t OldSize                                  = 70254592                                  {product} {ergonomic}
    uintx ProfiledCodeHeapSize                     = 122912730                              {pd product} {ergonomic}
    uintx ReservedCodeCacheSize                    = 251658240                              {pd product} {ergonomic}
     bool SegmentedCodeCache                       = true                                      {product} {ergonomic}
   size_t SoftMaxHeapSize                          = 1073741824                             {manageable} {ergonomic}
     bool UseCompressedClassPointers               = true                           {product lp64_product} {ergonomic}
     bool UseCompressedOops                        = true                           {product lp64_product} {ergonomic}
     bool UseLargePagesIndividualAllocation        = false                                  {pd product} {ergonomic}
     bool UseParallelGC                            = true                                      {product} {command line}

Logging:
Log output configuration:
 #0: stdout all=off uptime,level,tags
 #1: stderr all=off uptime,level,tags

Environment Variables:
PATH=C:\Users\PUB 1520\Downloads\apache-maven-3.9.8-bin\apache-maven-3.9.8\bin;C:\Users\PUB 1520\Downloads\zulu21.34.19-ca-jdk21.0.3-win_x64\zulu21.34.19-ca-jdk21.0.3-win_x64\bin;C:\Program Files\Common Files\Oracle\Java\javapath;C:\Program Files (x86)\Common Files\Intel\Shared Files\cpp\bin\Intel64;C:\oraclexe\app\oracle\product\10.2.0\server\bin;C:\Windows\system32;C:\Windows;C:\Windows\System32\Wbem;C:\Windows\System32\WindowsPowerShell\v1.0\;C:\Windows\System32\OpenSSH\;C:\Program Files\Microsoft\Web Platform Installer\;C:\Program Files (x86)\Microsoft ASP.NET\ASP.NET Web Pages\v1.0\;C:\Program Files\Microsoft SQL Server\110\Tools\Binn\;C:\Program Files\dotnet\;C:\Program Files\Microsoft SQL Server\130\Tools\Binn\;C:\Program Files\Microsoft SQL Server\Client SDK\ODBC\170\Tools\Binn\;C:\Program Files\Git\cmd;C:\WINDOWS\system32;C:\WINDOWS;C:\WINDOWS\System32\Wbem;C:\WINDOWS\System32\WindowsPowerShell\v1.0\;C:\WINDOWS\System32\OpenSSH\;C:\Program Files\Java\jdk-17\bin;C:\xampp\htdocs;C:\xampp\php;C:\ProgramData\ComposerSetup\bin;C:\Program Files\Go\bin;C:\Program Files\nodejs\;C:\Program Files\Docker\Docker\resources\bin;$JAVA_HOME$\bin;$MAVEN_HOME$\bin;C:\Users\PUB 1520\Downloads\jdk-21_windows-x64_bin\jdk-21.0.3\bin;C:\Users\PUB 1520\AppData\Local\pnpm;C:\Users\PUB 1520\AppData\Local\Microsoft\WindowsApps;C:\Users\PUB 1520\AppData\Local\Programs\Microsoft VS Code\bin;C:\Users\PUB 1520\AppData\Roaming\Composer\vendor\bin;C:\Users\PUB 1520\go\bin;C:\Users\PUB 1520\.fly\bin;C:\Users\PUB 1520\Downloads\protoc-25.1-win64\bin;C:\Krise\IntelliJ IDEA Community Edition 2023.3.3\bin;;C:\Users\PUB 1520\AppData\Roaming\npm;C:\xampp;
USERNAME=PUB 1520
OS=Windows_NT
PROCESSOR_IDENTIFIER=Intel64 Family 6 Model 126 Stepping 5, GenuineIntel
TMP=C:\Users\PUB152~1\AppData\Local\Temp
TEMP=C:\Users\PUB152~1\AppData\Local\Temp



Periodic native trim disabled


---------------  S Y S T E M  ---------------

OS:
 Windows 11 , 64 bit Build 22621 (10.0.22621.3672)
OS uptime: 3 days 5:29 hours
Hyper-V role detected

CPU: total 4 (initial active 4) (2 cores per cpu, 2 threads per core) family 6 model 126 stepping 5 microcode 0x96, cx8, cmov, fxsr, ht, mmx, 3dnowpref, sse, sse2, sse3, ssse3, sse4.1, sse4.2, popcnt, lzcnt, tsc, tscinvbit, avx, avx2, aes, erms, clmul, bmi1, bmi2, adx, avx512f, avx512dq, avx512cd, avx512bw, avx512vl, sha, fma, vzeroupper, avx512_vpopcntdq, avx512_vpclmulqdq, avx512_vaes, avx512_vnni, clflush, clflushopt, avx512_vbmi2, avx512_vbmi, hv
Processor Information for all 4 processors :
  Max Mhz: 1190, Current Mhz: 1190, Mhz Limit: 1190

Memory: 4k page, system-wide physical 3863M (207M free)
TotalPageFile size 15639M (AvailPageFile size 4M)
current process WorkingSet (physical memory assigned to process): 247M, peak: 311M
current process commit charge ("private bytes"): 395M, peak: 402M

vm_info: OpenJDK 64-Bit Server VM (17.0.11+9) for windows-amd64 JRE (17.0.11+9), built on Apr 17 2024 06:07:48 by "admin" with MS VC++ 16.10 / 16.11 (VS2019)

END.
