#
# There is insufficient memory for the Java Runtime Environment to continue.
# Native memory allocation (malloc) failed to allocate 1882736 bytes. Error detail: Chunk::new
# Possible reasons:
#   The system is out of physical RAM or swap space
#   This process is running with CompressedOops enabled, and the Java Heap may be blocking the growth of the native heap
# Possible solutions:
#   Reduce memory load on the system
#   Increase physical memory or swap space
#   Check if swap backing store is full
#   Decrease Java heap size (-Xmx/-Xms)
#   Decrease number of Java threads
#   Decrease Java thread stack sizes (-Xss)
#   Set larger code cache with -XX:ReservedCodeCacheSize=
#   JVM is running with Unscaled Compressed Oops mode in which the Java heap is
#     placed in the first 4GB address space. The Java Heap base address is the
#     maximum limit for the native heap growth. Please use -XX:HeapBaseMinAddress
#     to set the Java Heap base and to place the Java Heap above 4GB virtual address.
# This output file may be truncated or incomplete.
#
#  Out of Memory Error (arena.cpp:191), pid=9392, tid=7708
#
# JRE version: OpenJDK Runtime Environment Temurin-17.0.11+9 (17.0.11+9) (build 17.0.11+9)
# Java VM: OpenJDK 64-Bit Server VM Temurin-17.0.11+9 (17.0.11+9, mixed mode, tiered, compressed oops, compressed class ptrs, parallel gc, windows-amd64)
# No core dump will be written. Minidumps are not enabled by default on client versions of Windows
#

---------------  S U M M A R Y ------------

Command Line: --add-modules=ALL-SYSTEM --add-opens=java.base/java.util=ALL-UNNAMED --add-opens=java.base/java.lang=ALL-UNNAMED --add-opens=java.base/sun.nio.fs=ALL-UNNAMED -Declipse.application=org.eclipse.jdt.ls.core.id1 -Dosgi.bundles.defaultStartLevel=4 -Declipse.product=org.eclipse.jdt.ls.core.product -Djava.import.generatesMetadataFilesAtProjectRoot=false -DDetectVMInstallationsJob.disabled=true -Dfile.encoding=utf8 -XX:+UseParallelGC -XX:GCTimeRatio=4 -XX:AdaptiveSizePolicyWeight=90 -Dsun.zip.disableMemoryMapping=true -Xmx1G -Xms100m -Xlog:disable -javaagent:c:\Users\PUB 1520\.vscode\extensions\redhat.java-1.32.0-win32-x64\lombok\lombok-1.18.33.jar c:\Users\PUB 1520\.vscode\extensions\redhat.java-1.32.0-win32-x64\server\plugins\org.eclipse.equinox.launcher_1.6.900.v20240613-2009.jar -configuration c:\Users\PUB 1520\AppData\Roaming\Code\User\globalStorage\redhat.java\1.32.0\config_ss_win -data c:\Users\PUB 1520\AppData\Roaming\Code\User\workspaceStorage\0d0f664c8f7d8576d827c6b8c84ea1aa\redhat.java\ss_ws --pipe=\\.\pipe\lsp-afa19852e407542b4ff7d6dba23cee38-sock

Host: Intel(R) Core(TM) i3-1005G1 CPU @ 1.20GHz, 4 cores, 3G,  Windows 11 , 64 bit Build 22621 (10.0.22621.3672)
Time: Mon Jul  8 20:17:38 2024 SE Asia Standard Time elapsed time: 22.238310 seconds (0d 0h 0m 22s)

---------------  T H R E A D  ---------------

Current thread (0x00000192342c4e70):  JavaThread "C2 CompilerThread0" daemon [_thread_in_native, id=7708, stack(0x0000006498400000,0x0000006498500000)]


Current CompileTask:
C2:  22238 2453       4       org.lombokweb.asm.ClassReader::readMethod (1066 bytes)

Stack: [0x0000006498400000,0x0000006498500000]
Native frames: (J=compiled Java code, j=interpreted, Vv=VM code, C=native code)
V  [jvm.dll+0x67d429]
V  [jvm.dll+0x834b7a]
V  [jvm.dll+0x83663e]
V  [jvm.dll+0x836ca3]
V  [jvm.dll+0x247dbf]
V  [jvm.dll+0xac534]
V  [jvm.dll+0xacb7c]
V  [jvm.dll+0x3665f2]
V  [jvm.dll+0x1bd272]
V  [jvm.dll+0x21a5c9]
V  [jvm.dll+0x2198b1]
V  [jvm.dll+0x1a534d]
V  [jvm.dll+0x2295cd]
V  [jvm.dll+0x22779c]
V  [jvm.dll+0x7e9d07]
V  [jvm.dll+0x7e410a]
V  [jvm.dll+0x67c315]
C  [ucrtbase.dll+0x29333]
C  [KERNEL32.DLL+0x1257d]
C  [ntdll.dll+0x5af28]


---------------  P R O C E S S  ---------------

Threads class SMR info:
_java_thread_list=0x0000019239963170, length=20, elements={
0x0000019220451db0, 0x000001923428d010, 0x000001923428f290, 0x00000192342c0340,
0x00000192342c0c10, 0x00000192342c16e0, 0x00000192342c21b0, 0x00000192342c4e70,
0x000001923947abe0, 0x000001923947f8c0, 0x0000019239586c80, 0x00000192397761f0,
0x0000019239d237d0, 0x0000019239d21970, 0x0000019239d228a0, 0x0000019239d22db0,
0x0000019239d23ce0, 0x0000019239d241f0, 0x0000019239d24700, 0x0000019239d24c10
}

Java Threads: ( => current thread )
  0x0000019220451db0 JavaThread "main" [_thread_blocked, id=8400, stack(0x0000006497a00000,0x0000006497b00000)]
  0x000001923428d010 JavaThread "Reference Handler" daemon [_thread_blocked, id=1536, stack(0x0000006497d00000,0x0000006497e00000)]
  0x000001923428f290 JavaThread "Finalizer" daemon [_thread_blocked, id=15696, stack(0x0000006497e00000,0x0000006497f00000)]
  0x00000192342c0340 JavaThread "Signal Dispatcher" daemon [_thread_blocked, id=13388, stack(0x0000006498000000,0x0000006498100000)]
  0x00000192342c0c10 JavaThread "Attach Listener" daemon [_thread_blocked, id=16584, stack(0x0000006498100000,0x0000006498200000)]
  0x00000192342c16e0 JavaThread "Service Thread" daemon [_thread_blocked, id=12292, stack(0x0000006498200000,0x0000006498300000)]
  0x00000192342c21b0 JavaThread "Monitor Deflation Thread" daemon [_thread_blocked, id=14100, stack(0x0000006498300000,0x0000006498400000)]
=>0x00000192342c4e70 JavaThread "C2 CompilerThread0" daemon [_thread_in_native, id=7708, stack(0x0000006498400000,0x0000006498500000)]
  0x000001923947abe0 JavaThread "C1 CompilerThread0" daemon [_thread_blocked, id=12632, stack(0x0000006498500000,0x0000006498600000)]
  0x000001923947f8c0 JavaThread "Sweeper thread" daemon [_thread_blocked, id=8176, stack(0x0000006498600000,0x0000006498700000)]
  0x0000019239586c80 JavaThread "Common-Cleaner" daemon [_thread_blocked, id=16348, stack(0x0000006498700000,0x0000006498800000)]
  0x00000192397761f0 JavaThread "Notification Thread" daemon [_thread_blocked, id=824, stack(0x0000006498800000,0x0000006498900000)]
  0x0000019239d237d0 JavaThread "Active Thread: Equinox Container: c5e1f397-b245-4d72-aac1-07e6b97e4e4d" [_thread_blocked, id=1812, stack(0x0000006498d00000,0x0000006498e00000)]
  0x0000019239d21970 JavaThread "Framework Event Dispatcher: Equinox Container: c5e1f397-b245-4d72-aac1-07e6b97e4e4d" daemon [_thread_blocked, id=12928, stack(0x0000006498e00000,0x0000006498f00000)]
  0x0000019239d228a0 JavaThread "Start Level: Equinox Container: c5e1f397-b245-4d72-aac1-07e6b97e4e4d" daemon [_thread_in_vm, id=17296, stack(0x0000006498f00000,0x0000006499000000)]
  0x0000019239d22db0 JavaThread "SCR Component Actor" daemon [_thread_blocked, id=14864, stack(0x0000006499000000,0x0000006499100000)]
  0x0000019239d23ce0 JavaThread "Worker-JM" [_thread_blocked, id=17388, stack(0x0000006499200000,0x0000006499300000)]
  0x0000019239d241f0 JavaThread "Worker-0" [_thread_blocked, id=6004, stack(0x0000006499300000,0x0000006499400000)]
  0x0000019239d24700 JavaThread "Worker-1" [_thread_blocked, id=11204, stack(0x0000006499100000,0x0000006499200000)]
  0x0000019239d24c10 JavaThread "SCR Component Registry" daemon [_thread_blocked, id=13876, stack(0x0000006499400000,0x0000006499500000)]

Other Threads:
  0x000001923427a000 VMThread "VM Thread" [stack: 0x0000006497c00000,0x0000006497d00000] [id=15196]
  0x000001923982df20 WatcherThread [stack: 0x0000006498900000,0x0000006498a00000] [id=7324]
  0x0000019220466a40 GCTaskThread "GC Thread#0" [stack: 0x0000006497b00000,0x0000006497c00000] [id=11652]
  0x0000019239aea720 GCTaskThread "GC Thread#1" [stack: 0x0000006498a00000,0x0000006498b00000] [id=10684]
  0x0000019239e1b470 GCTaskThread "GC Thread#2" [stack: 0x0000006498b00000,0x0000006498c00000] [id=16424]
  0x0000019239e1b730 GCTaskThread "GC Thread#3" [stack: 0x0000006498c00000,0x0000006498d00000] [id=15280]

Threads with active compile tasks:
C2 CompilerThread0    22283 2453       4       org.lombokweb.asm.ClassReader::readMethod (1066 bytes)

VM state: not at safepoint (normal execution)

VM Mutex/Monitor currently owned by a thread: None

Heap address: 0x00000000c0000000, size: 1024 MB, Compressed Oops mode: 32-bit

CDS archive(s) not mapped
Compressed class space mapped at: 0x0000000100000000-0x0000000140000000, reserved size: 1073741824
Narrow klass base: 0x0000000000000000, Narrow klass shift: 3, Narrow klass range: 0x140000000

GC Precious Log:
 CPUs: 4 total, 4 available
 Memory: 3863M
 Large Page Support: Disabled
 NUMA Support: Disabled
 Compressed Oops: Enabled (32-bit)
 Alignments: Space 512K, Generation 512K, Heap 2M
 Heap Min Capacity: 100M
 Heap Initial Capacity: 100M
 Heap Max Capacity: 1G
 Pre-touch: Disabled
 Parallel Workers: 4

Heap:
 PSYoungGen      total 26112K, used 10709K [0x00000000eab00000, 0x00000000ec880000, 0x0000000100000000)
  eden space 25088K, 39% used [0x00000000eab00000,0x00000000eb49f040,0x00000000ec380000)
  from space 1024K, 83% used [0x00000000ec400000,0x00000000ec4d6690,0x00000000ec500000)
  to   space 2560K, 0% used [0x00000000ec600000,0x00000000ec600000,0x00000000ec880000)
 ParOldGen       total 68608K, used 6930K [0x00000000c0000000, 0x00000000c4300000, 0x00000000eab00000)
  object space 68608K, 10% used [0x00000000c0000000,0x00000000c06c4a60,0x00000000c4300000)
 Metaspace       used 25862K, committed 26368K, reserved 1114112K
  class space    used 2526K, committed 2752K, reserved 1048576K

Card table byte_map: [0x000001921fdf0000,0x0000019220000000] _byte_map_base: 0x000001921f7f0000

Marking Bits: (ParMarkBitMap*) 0x00007ffa82d4d820
 Begin Bits: [0x00000192320e0000, 0x00000192330e0000)
 End Bits:   [0x00000192330e0000, 0x00000192340e0000)

Polling page: 0x000001921e330000

Metaspace:

Usage:
  Non-class:     22.79 MB used.
      Class:      2.47 MB used.
       Both:     25.26 MB used.

Virtual space:
  Non-class space:       64.00 MB reserved,      23.06 MB ( 36%) committed,  1 nodes.
      Class space:        1.00 GB reserved,       2.69 MB ( <1%) committed,  1 nodes.
             Both:        1.06 GB reserved,      25.75 MB (  2%) committed. 

Chunk freelists:
   Non-Class:  8.30 MB
       Class:  13.28 MB
        Both:  21.58 MB

MaxMetaspaceSize: unlimited
CompressedClassSpaceSize: 1.00 GB
Initial GC threshold: 21.00 MB
Current GC threshold: 35.00 MB
CDS: off
MetaspaceReclaimPolicy: balanced
 - commit_granule_bytes: 65536.
 - commit_granule_words: 8192.
 - virtual_space_node_default_size: 8388608.
 - enlarge_chunks_in_place: 1.
 - new_chunks_are_fully_committed: 0.
 - uncommit_free_chunks: 1.
 - use_allocation_guard: 0.
 - handle_deallocations: 1.


Internal statistics:

num_allocs_failed_limit: 3.
num_arena_births: 282.
num_arena_deaths: 14.
num_vsnodes_births: 2.
num_vsnodes_deaths: 0.
num_space_committed: 412.
num_space_uncommitted: 0.
num_chunks_returned_to_freelist: 17.
num_chunks_taken_from_freelist: 979.
num_chunk_merges: 4.
num_chunk_splits: 628.
num_chunks_enlarged: 435.
num_inconsistent_stats: 0.

CodeHeap 'non-profiled nmethods': size=120000Kb used=954Kb max_used=954Kb free=119045Kb
 bounds [0x000001922abb0000, 0x000001922ae20000, 0x00000192320e0000]
CodeHeap 'profiled nmethods': size=120000Kb used=4850Kb max_used=4850Kb free=115149Kb
 bounds [0x00000192230e0000, 0x00000192235a0000, 0x000001922a610000]
CodeHeap 'non-nmethods': size=5760Kb used=1226Kb max_used=1226Kb free=4533Kb
 bounds [0x000001922a610000, 0x000001922a880000, 0x000001922abb0000]
 total_blobs=2981 nmethods=2455 adapters=440
 compilation: enabled
              stopped_count=0, restarted_count=0
 full_count=0

Compilation events (20 events):
Event: 21.623 Thread 0x000001923947abe0 nmethod 2452 0x0000019223592c90 code [0x0000019223592e40, 0x0000019223592fe8]
Event: 21.623 Thread 0x00000192342c4e70 2453       4       org.lombokweb.asm.ClassReader::readMethod (1066 bytes)
Event: 21.627 Thread 0x000001923947abe0 2454       3       org.lombokweb.asm.ClassReader::readLong (29 bytes)
Event: 21.628 Thread 0x000001923947abe0 nmethod 2454 0x0000019223593090 code [0x0000019223593240, 0x00000192235933f8]
Event: 21.919 Thread 0x000001923947abe0 2456       3       org.lombokweb.asm.SymbolTable::addConstantIntegerOrFloat (100 bytes)
Event: 21.920 Thread 0x000001923947abe0 nmethod 2456 0x0000019223593510 code [0x0000019223593720, 0x0000019223593c78]
Event: 21.920 Thread 0x000001923947abe0 2457       3       lombok.patcher.scripts.AddFieldScript$1::visitField (35 bytes)
Event: 21.920 Thread 0x000001923947abe0 nmethod 2457 0x0000019223593f10 code [0x00000192235940c0, 0x0000019223594338]
Event: 21.920 Thread 0x000001923947abe0 2458 %     3       org.lombokweb.asm.ClassReader::<init> @ 110 (371 bytes)
Event: 21.921 Thread 0x000001923947abe0 nmethod 2458% 0x0000019223594490 code [0x0000019223594780, 0x0000019223595ad8]
Event: 21.922 Thread 0x000001923947abe0 2459 %     3       org.lombokweb.asm.SymbolTable::<init> @ 98 (536 bytes)
Event: 21.926 Thread 0x000001923947abe0 nmethod 2459% 0x0000019223596090 code [0x0000019223596640, 0x0000019223599248]
Event: 21.926 Thread 0x000001923947abe0 2460       3       java.util.regex.Pattern$BmpCharPropertyGreedy::match (89 bytes)
Event: 21.927 Thread 0x000001923947abe0 nmethod 2460 0x000001922359a410 code [0x000001922359a600, 0x000001922359ac48]
Event: 21.927 Thread 0x000001923947abe0 2461       3       java.util.regex.Pattern$BranchConn::match (11 bytes)
Event: 21.927 Thread 0x000001923947abe0 nmethod 2461 0x000001922359ae90 code [0x000001922359b040, 0x000001922359b208]
Event: 22.126 Thread 0x000001923947abe0 2462       1       sun.nio.fs.WindowsFileSystem::provider (5 bytes)
Event: 22.127 Thread 0x000001923947abe0 nmethod 2462 0x000001922ac9e410 code [0x000001922ac9e5a0, 0x000001922ac9e678]
Event: 22.131 Thread 0x000001923947abe0 2463       3       jdk.internal.misc.Unsafe::copyMemoryChecks (21 bytes)
Event: 22.132 Thread 0x000001923947abe0 nmethod 2463 0x000001922359b310 code [0x000001922359b5c0, 0x000001922359c2c8]

GC Heap History (12 events):
Event: 6.391 GC heap before
{Heap before GC invocations=1 (full 0):
 PSYoungGen      total 29696K, used 25600K [0x00000000eab00000, 0x00000000ecc00000, 0x0000000100000000)
  eden space 25600K, 100% used [0x00000000eab00000,0x00000000ec400000,0x00000000ec400000)
  from space 4096K, 0% used [0x00000000ec800000,0x00000000ec800000,0x00000000ecc00000)
  to   space 4096K, 0% used [0x00000000ec400000,0x00000000ec400000,0x00000000ec800000)
 ParOldGen       total 68608K, used 0K [0x00000000c0000000, 0x00000000c4300000, 0x00000000eab00000)
  object space 68608K, 0% used [0x00000000c0000000,0x00000000c0000000,0x00000000c4300000)
 Metaspace       used 11006K, committed 11200K, reserved 1114112K
  class space    used 1094K, committed 1216K, reserved 1048576K
}
Event: 6.486 GC heap after
{Heap after GC invocations=1 (full 0):
 PSYoungGen      total 29696K, used 3172K [0x00000000eab00000, 0x00000000ecc00000, 0x0000000100000000)
  eden space 25600K, 0% used [0x00000000eab00000,0x00000000eab00000,0x00000000ec400000)
  from space 4096K, 77% used [0x00000000ec400000,0x00000000ec719278,0x00000000ec800000)
  to   space 4096K, 0% used [0x00000000ec800000,0x00000000ec800000,0x00000000ecc00000)
 ParOldGen       total 68608K, used 0K [0x00000000c0000000, 0x00000000c4300000, 0x00000000eab00000)
  object space 68608K, 0% used [0x00000000c0000000,0x00000000c0000000,0x00000000c4300000)
 Metaspace       used 11006K, committed 11200K, reserved 1114112K
  class space    used 1094K, committed 1216K, reserved 1048576K
}
Event: 11.993 GC heap before
{Heap before GC invocations=2 (full 0):
 PSYoungGen      total 29696K, used 28772K [0x00000000eab00000, 0x00000000ecc00000, 0x0000000100000000)
  eden space 25600K, 100% used [0x00000000eab00000,0x00000000ec400000,0x00000000ec400000)
  from space 4096K, 77% used [0x00000000ec400000,0x00000000ec719278,0x00000000ec800000)
  to   space 4096K, 0% used [0x00000000ec800000,0x00000000ec800000,0x00000000ecc00000)
 ParOldGen       total 68608K, used 0K [0x00000000c0000000, 0x00000000c4300000, 0x00000000eab00000)
  object space 68608K, 0% used [0x00000000c0000000,0x00000000c0000000,0x00000000c4300000)
 Metaspace       used 14703K, committed 14976K, reserved 1114112K
  class space    used 1488K, committed 1600K, reserved 1048576K
}
Event: 12.004 GC heap after
{Heap after GC invocations=2 (full 0):
 PSYoungGen      total 29696K, used 4080K [0x00000000eab00000, 0x00000000ecc00000, 0x0000000100000000)
  eden space 25600K, 0% used [0x00000000eab00000,0x00000000eab00000,0x00000000ec400000)
  from space 4096K, 99% used [0x00000000ec800000,0x00000000ecbfc290,0x00000000ecc00000)
  to   space 4096K, 0% used [0x00000000ec400000,0x00000000ec400000,0x00000000ec800000)
 ParOldGen       total 68608K, used 780K [0x00000000c0000000, 0x00000000c4300000, 0x00000000eab00000)
  object space 68608K, 1% used [0x00000000c0000000,0x00000000c00c3020,0x00000000c4300000)
 Metaspace       used 14703K, committed 14976K, reserved 1114112K
  class space    used 1488K, committed 1600K, reserved 1048576K
}
Event: 18.557 GC heap before
{Heap before GC invocations=3 (full 0):
 PSYoungGen      total 29696K, used 29680K [0x00000000eab00000, 0x00000000ecc00000, 0x0000000100000000)
  eden space 25600K, 100% used [0x00000000eab00000,0x00000000ec400000,0x00000000ec400000)
  from space 4096K, 99% used [0x00000000ec800000,0x00000000ecbfc290,0x00000000ecc00000)
  to   space 4096K, 0% used [0x00000000ec400000,0x00000000ec400000,0x00000000ec800000)
 ParOldGen       total 68608K, used 780K [0x00000000c0000000, 0x00000000c4300000, 0x00000000eab00000)
  object space 68608K, 1% used [0x00000000c0000000,0x00000000c00c3020,0x00000000c4300000)
 Metaspace       used 19769K, committed 20160K, reserved 1114112K
  class space    used 2016K, committed 2176K, reserved 1048576K
}
Event: 18.567 GC heap after
{Heap after GC invocations=3 (full 0):
 PSYoungGen      total 29696K, used 4087K [0x00000000eab00000, 0x00000000ecc00000, 0x0000000100000000)
  eden space 25600K, 0% used [0x00000000eab00000,0x00000000eab00000,0x00000000ec400000)
  from space 4096K, 99% used [0x00000000ec400000,0x00000000ec7fdef8,0x00000000ec800000)
  to   space 4096K, 0% used [0x00000000ec800000,0x00000000ec800000,0x00000000ecc00000)
 ParOldGen       total 68608K, used 2435K [0x00000000c0000000, 0x00000000c4300000, 0x00000000eab00000)
  object space 68608K, 3% used [0x00000000c0000000,0x00000000c0260dc0,0x00000000c4300000)
 Metaspace       used 19769K, committed 20160K, reserved 1114112K
  class space    used 2016K, committed 2176K, reserved 1048576K
}
Event: 19.909 GC heap before
{Heap before GC invocations=4 (full 0):
 PSYoungGen      total 29696K, used 11927K [0x00000000eab00000, 0x00000000ecc00000, 0x0000000100000000)
  eden space 25600K, 30% used [0x00000000eab00000,0x00000000eb2a7e08,0x00000000ec400000)
  from space 4096K, 99% used [0x00000000ec400000,0x00000000ec7fdef8,0x00000000ec800000)
  to   space 4096K, 0% used [0x00000000ec800000,0x00000000ec800000,0x00000000ecc00000)
 ParOldGen       total 68608K, used 2435K [0x00000000c0000000, 0x00000000c4300000, 0x00000000eab00000)
  object space 68608K, 3% used [0x00000000c0000000,0x00000000c0260dc0,0x00000000c4300000)
 Metaspace       used 21073K, committed 21504K, reserved 1114112K
  class space    used 2151K, committed 2368K, reserved 1048576K
}
Event: 19.925 GC heap after
{Heap after GC invocations=4 (full 0):
 PSYoungGen      total 29696K, used 4077K [0x00000000eab00000, 0x00000000ecc00000, 0x0000000100000000)
  eden space 25600K, 0% used [0x00000000eab00000,0x00000000eab00000,0x00000000ec400000)
  from space 4096K, 99% used [0x00000000ec800000,0x00000000ecbfb6d8,0x00000000ecc00000)
  to   space 4096K, 0% used [0x00000000ec400000,0x00000000ec400000,0x00000000ec800000)
 ParOldGen       total 68608K, used 2971K [0x00000000c0000000, 0x00000000c4300000, 0x00000000eab00000)
  object space 68608K, 4% used [0x00000000c0000000,0x00000000c02e6dc0,0x00000000c4300000)
 Metaspace       used 21073K, committed 21504K, reserved 1114112K
  class space    used 2151K, committed 2368K, reserved 1048576K
}
Event: 19.925 GC heap before
{Heap before GC invocations=5 (full 1):
 PSYoungGen      total 29696K, used 4077K [0x00000000eab00000, 0x00000000ecc00000, 0x0000000100000000)
  eden space 25600K, 0% used [0x00000000eab00000,0x00000000eab00000,0x00000000ec400000)
  from space 4096K, 99% used [0x00000000ec800000,0x00000000ecbfb6d8,0x00000000ecc00000)
  to   space 4096K, 0% used [0x00000000ec400000,0x00000000ec400000,0x00000000ec800000)
 ParOldGen       total 68608K, used 2971K [0x00000000c0000000, 0x00000000c4300000, 0x00000000eab00000)
  object space 68608K, 4% used [0x00000000c0000000,0x00000000c02e6dc0,0x00000000c4300000)
 Metaspace       used 21073K, committed 21504K, reserved 1114112K
  class space    used 2151K, committed 2368K, reserved 1048576K
}
Event: 19.989 GC heap after
{Heap after GC invocations=5 (full 1):
 PSYoungGen      total 29696K, used 0K [0x00000000eab00000, 0x00000000ecc00000, 0x0000000100000000)
  eden space 25600K, 0% used [0x00000000eab00000,0x00000000eab00000,0x00000000ec400000)
  from space 4096K, 0% used [0x00000000ec800000,0x00000000ec800000,0x00000000ecc00000)
  to   space 4096K, 0% used [0x00000000ec400000,0x00000000ec400000,0x00000000ec800000)
 ParOldGen       total 68608K, used 6922K [0x00000000c0000000, 0x00000000c4300000, 0x00000000eab00000)
  object space 68608K, 10% used [0x00000000c0000000,0x00000000c06c2a60,0x00000000c4300000)
 Metaspace       used 21060K, committed 21504K, reserved 1114112K
  class space    used 2148K, committed 2368K, reserved 1048576K
}
Event: 21.406 GC heap before
{Heap before GC invocations=6 (full 1):
 PSYoungGen      total 29696K, used 25600K [0x00000000eab00000, 0x00000000ecc00000, 0x0000000100000000)
  eden space 25600K, 100% used [0x00000000eab00000,0x00000000ec400000,0x00000000ec400000)
  from space 4096K, 0% used [0x00000000ec800000,0x00000000ec800000,0x00000000ecc00000)
  to   space 4096K, 0% used [0x00000000ec400000,0x00000000ec400000,0x00000000ec800000)
 ParOldGen       total 68608K, used 6922K [0x00000000c0000000, 0x00000000c4300000, 0x00000000eab00000)
  object space 68608K, 10% used [0x00000000c0000000,0x00000000c06c2a60,0x00000000c4300000)
 Metaspace       used 23934K, committed 24448K, reserved 1114112K
  class space    used 2387K, committed 2624K, reserved 1048576K
}
Event: 21.407 GC heap after
{Heap after GC invocations=6 (full 1):
 PSYoungGen      total 26112K, used 857K [0x00000000eab00000, 0x00000000ec880000, 0x0000000100000000)
  eden space 25088K, 0% used [0x00000000eab00000,0x00000000eab00000,0x00000000ec380000)
  from space 1024K, 83% used [0x00000000ec400000,0x00000000ec4d6690,0x00000000ec500000)
  to   space 2560K, 0% used [0x00000000ec600000,0x00000000ec600000,0x00000000ec880000)
 ParOldGen       total 68608K, used 6930K [0x00000000c0000000, 0x00000000c4300000, 0x00000000eab00000)
  object space 68608K, 10% used [0x00000000c0000000,0x00000000c06c4a60,0x00000000c4300000)
 Metaspace       used 23934K, committed 24448K, reserved 1114112K
  class space    used 2387K, committed 2624K, reserved 1048576K
}

Dll operation events (9 events):
Event: 0.091 Loaded shared library c:\Users\PUB 1520\.vscode\extensions\redhat.java-1.32.0-win32-x64\jre\17.0.11-win32-x86_64\bin\java.dll
Event: 1.101 Loaded shared library c:\Users\PUB 1520\.vscode\extensions\redhat.java-1.32.0-win32-x64\jre\17.0.11-win32-x86_64\bin\zip.dll
Event: 1.319 Loaded shared library C:\Users\PUB 1520\.vscode\extensions\redhat.java-1.32.0-win32-x64\jre\17.0.11-win32-x86_64\bin\instrument.dll
Event: 1.409 Loaded shared library C:\Users\PUB 1520\.vscode\extensions\redhat.java-1.32.0-win32-x64\jre\17.0.11-win32-x86_64\bin\net.dll
Event: 1.590 Loaded shared library C:\Users\PUB 1520\.vscode\extensions\redhat.java-1.32.0-win32-x64\jre\17.0.11-win32-x86_64\bin\nio.dll
Event: 1.624 Loaded shared library C:\Users\PUB 1520\.vscode\extensions\redhat.java-1.32.0-win32-x64\jre\17.0.11-win32-x86_64\bin\zip.dll
Event: 1.787 Loaded shared library C:\Users\PUB 1520\.vscode\extensions\redhat.java-1.32.0-win32-x64\jre\17.0.11-win32-x86_64\bin\jimage.dll
Event: 2.126 Loaded shared library c:\Users\PUB 1520\.vscode\extensions\redhat.java-1.32.0-win32-x64\jre\17.0.11-win32-x86_64\bin\verify.dll
Event: 10.908 Loaded shared library C:\Users\PUB 1520\AppData\Roaming\Code\User\globalStorage\redhat.java\1.32.0\config_ss_win\org.eclipse.equinox.launcher\org.eclipse.equinox.launcher.win32.win32.x86_64_1.2.1100.v20240613-2013\eclipse_11903.dll

Deoptimization events (20 events):
Event: 19.381 Thread 0x0000019239d228a0 Uncommon trap: trap_request=0xffffff45 fr.pc=0x000001922ac4bbc0 relative=0x0000000000000040
Event: 19.381 Thread 0x0000019239d228a0 Uncommon trap: reason=unstable_if action=reinterpret pc=0x000001922ac4bbc0 method=sun.nio.fs.WindowsPathParser.isSlash(C)Z @ 9 c2
Event: 19.381 Thread 0x0000019239d228a0 DEOPT PACKING pc=0x000001922ac4bbc0 sp=0x0000006498ff8ee0
Event: 19.382 Thread 0x0000019239d228a0 DEOPT UNPACKING pc=0x000001922a669ea3 sp=0x0000006498ff8e68 mode 2
Event: 19.493 Thread 0x0000019239d228a0 Uncommon trap: trap_request=0xffffff45 fr.pc=0x000001922ac8896c relative=0x000000000000070c
Event: 19.493 Thread 0x0000019239d228a0 Uncommon trap: reason=unstable_if action=reinterpret pc=0x000001922ac8896c method=java.io.BufferedInputStream.read1([BII)I @ 22 c2
Event: 19.493 Thread 0x0000019239d228a0 DEOPT PACKING pc=0x000001922ac8896c sp=0x0000006498ff8e10
Event: 19.493 Thread 0x0000019239d228a0 DEOPT UNPACKING pc=0x000001922a669ea3 sp=0x0000006498ff8d58 mode 2
Event: 19.601 Thread 0x0000019239d228a0 Uncommon trap: trap_request=0xffffff45 fr.pc=0x000001922ac895b0 relative=0x0000000000000190
Event: 19.601 Thread 0x0000019239d228a0 Uncommon trap: reason=unstable_if action=reinterpret pc=0x000001922ac895b0 method=java.io.BufferedInputStream.read1([BII)I @ 22 c2
Event: 19.601 Thread 0x0000019239d228a0 DEOPT PACKING pc=0x000001922ac895b0 sp=0x0000006498ff8d70
Event: 19.601 Thread 0x0000019239d228a0 DEOPT UNPACKING pc=0x000001922a669ea3 sp=0x0000006498ff8d28 mode 2
Event: 20.018 Thread 0x0000019239d228a0 Uncommon trap: trap_request=0xffffff45 fr.pc=0x000001922abf8674 relative=0x0000000000000074
Event: 20.018 Thread 0x0000019239d228a0 Uncommon trap: reason=unstable_if action=reinterpret pc=0x000001922abf8674 method=jdk.internal.misc.Unsafe.convEndian(ZJ)J @ 4 c2
Event: 20.018 Thread 0x0000019239d228a0 DEOPT PACKING pc=0x000001922abf8674 sp=0x0000006498ff78c0
Event: 20.018 Thread 0x0000019239d228a0 DEOPT UNPACKING pc=0x000001922a669ea3 sp=0x0000006498ff77e8 mode 2
Event: 20.067 Thread 0x0000019239d228a0 Uncommon trap: trap_request=0xffffff45 fr.pc=0x000001922abde6c8 relative=0x0000000000000048
Event: 20.067 Thread 0x0000019239d228a0 Uncommon trap: reason=unstable_if action=reinterpret pc=0x000001922abde6c8 method=java.lang.CharacterData.of(I)Ljava/lang/CharacterData; @ 4 c2
Event: 20.067 Thread 0x0000019239d228a0 DEOPT PACKING pc=0x000001922abde6c8 sp=0x0000006498ff8830
Event: 20.067 Thread 0x0000019239d228a0 DEOPT UNPACKING pc=0x000001922a669ea3 sp=0x0000006498ff87c8 mode 2

Classes unloaded (7 events):
Event: 19.936 Thread 0x000001923427a000 Unloading class 0x0000000100214000 'java/lang/invoke/LambdaForm$MH+0x0000000100214000'
Event: 19.936 Thread 0x000001923427a000 Unloading class 0x0000000100213c00 'java/lang/invoke/LambdaForm$MH+0x0000000100213c00'
Event: 19.936 Thread 0x000001923427a000 Unloading class 0x0000000100213800 'java/lang/invoke/LambdaForm$MH+0x0000000100213800'
Event: 19.936 Thread 0x000001923427a000 Unloading class 0x0000000100213400 'java/lang/invoke/LambdaForm$MH+0x0000000100213400'
Event: 19.936 Thread 0x000001923427a000 Unloading class 0x0000000100213000 'java/lang/invoke/LambdaForm$BMH+0x0000000100213000'
Event: 19.936 Thread 0x000001923427a000 Unloading class 0x0000000100212c00 'java/lang/invoke/LambdaForm$DMH+0x0000000100212c00'
Event: 19.936 Thread 0x000001923427a000 Unloading class 0x0000000100210000 'java/lang/invoke/LambdaForm$DMH+0x0000000100210000'

Classes redefined (0 events):
No events

Internal exceptions (20 events):
Event: 17.615 Thread 0x0000019239d228a0 Exception <a 'java/lang/NoSuchMethodError'{0x00000000ec07cb98}: 'int java.lang.invoke.DirectMethodHandle$Holder.invokeSpecial(java.lang.Object, java.lang.Object, java.lang.Object, int)'> (0x00000000ec07cb98) 
thrown [s\src\hotspot\share\interpreter\linkResolver.cpp, line 759]
Event: 17.618 Thread 0x0000019239d228a0 Exception <a 'java/lang/NoSuchMethodError'{0x00000000ec098158}: 'java.lang.Object java.lang.invoke.DirectMethodHandle$Holder.invokeStatic(java.lang.Object, java.lang.Object, java.lang.Object, java.lang.Object, int)'> (0x00000000ec098158) 
thrown [s\src\hotspot\share\interpreter\linkResolver.cpp, line 759]
Event: 17.621 Thread 0x0000019239d228a0 Exception <a 'java/lang/NoSuchMethodError'{0x00000000ec0a4150}: 'java.lang.Object java.lang.invoke.DelegatingMethodHandle$Holder.reinvoke_L(java.lang.Object, java.lang.Object, java.lang.Object, java.lang.Object, int, int)'> (0x00000000ec0a4150) 
thrown [s\src\hotspot\share\interpreter\linkResolver.cpp, line 759]
Event: 17.625 Thread 0x0000019239d228a0 Exception <a 'java/lang/NoSuchMethodError'{0x00000000ec0b87b0}: 'java.lang.Object java.lang.invoke.Invokers$Holder.invokeExact_MT(java.lang.Object, java.lang.Object, java.lang.Object, java.lang.Object)'> (0x00000000ec0b87b0) 
thrown [s\src\hotspot\share\interpreter\linkResolver.cpp, line 759]
Event: 18.522 Thread 0x0000019239d228a0 Exception <a 'java/io/FileNotFoundException'{0x00000000ec338ee8}> (0x00000000ec338ee8) 
thrown [s\src\hotspot\share\prims\jni.cpp, line 516]
Event: 18.523 Thread 0x0000019239d228a0 Exception <a 'java/io/FileNotFoundException'{0x00000000ec33fb98}> (0x00000000ec33fb98) 
thrown [s\src\hotspot\share\prims\jni.cpp, line 516]
Event: 19.171 Thread 0x0000019239d228a0 Exception <a 'java/lang/NoSuchMethodError'{0x00000000ead5c240}: 'java.lang.Object java.lang.invoke.DirectMethodHandle$Holder.newInvokeSpecial(java.lang.Object, java.lang.Object, java.lang.Object, java.lang.Object, java.lang.Object)'> (0x00000000ead5c240) 
thrown [s\src\hotspot\share\interpreter\linkResolver.cpp, line 759]
Event: 19.400 Thread 0x0000019239d228a0 Exception <a 'java/lang/NoSuchMethodError'{0x00000000eaf3fb70}: 'java.lang.Object java.lang.invoke.DirectMethodHandle$Holder.invokeStaticInit(java.lang.Object, int)'> (0x00000000eaf3fb70) 
thrown [s\src\hotspot\share\interpreter\linkResolver.cpp, line 759]
Event: 19.714 Thread 0x0000019239d228a0 Exception <a 'java/lang/NoSuchMethodError'{0x00000000eb1831d8}: 'java.lang.Object java.lang.invoke.DirectMethodHandle$Holder.invokeSpecial(java.lang.Object, java.lang.Object, java.lang.Object, long, java.lang.Object)'> (0x00000000eb1831d8) 
thrown [s\src\hotspot\share\interpreter\linkResolver.cpp, line 759]
Event: 19.715 Thread 0x0000019239d228a0 Exception <a 'java/lang/NoSuchMethodError'{0x00000000eb18b390}: 'java.lang.Object java.lang.invoke.DirectMethodHandle$Holder.newInvokeSpecial(java.lang.Object, java.lang.Object, java.lang.Object, long)'> (0x00000000eb18b390) 
thrown [s\src\hotspot\share\interpreter\linkResolver.cpp, line 759]
Event: 19.716 Thread 0x0000019239d228a0 Exception <a 'java/lang/NoSuchMethodError'{0x00000000eb18f930}: 'java.lang.Object java.lang.invoke.DirectMethodHandle$Holder.invokeSpecial(java.lang.Object, java.lang.Object, java.lang.Object, java.lang.Object, long)'> (0x00000000eb18f930) 
thrown [s\src\hotspot\share\interpreter\linkResolver.cpp, line 759]
Event: 19.716 Thread 0x0000019239d228a0 Exception <a 'java/lang/NoSuchMethodError'{0x00000000eb1937a8}: 'java.lang.Object java.lang.invoke.Invokers$Holder.linkToTargetMethod(java.lang.Object, java.lang.Object, long, java.lang.Object)'> (0x00000000eb1937a8) 
thrown [s\src\hotspot\share\interpreter\linkResolver.cpp, line 759]
Event: 19.731 Thread 0x0000019239d228a0 Exception <a 'java/lang/NoSuchMethodError'{0x00000000eb1e6fb8}: 'int java.lang.invoke.DirectMethodHandle$Holder.invokeStaticInit(java.lang.Object, java.lang.Object, java.lang.Object)'> (0x00000000eb1e6fb8) 
thrown [s\src\hotspot\share\interpreter\linkResolver.cpp, line 759]
Event: 20.175 Thread 0x0000019239d228a0 Exception <a 'java/lang/IncompatibleClassChangeError'{0x00000000ead44ca8}: Found class java.lang.Object, but interface was expected> (0x00000000ead44ca8) 
thrown [s\src\hotspot\share\interpreter\linkResolver.cpp, line 826]
Event: 20.186 Thread 0x0000019239d228a0 Exception <a 'java/lang/NoSuchMethodError'{0x00000000ead59d60}: 'java.lang.Object java.lang.invoke.DirectMethodHandle$Holder.invokeSpecial(java.lang.Object, java.lang.Object, java.lang.Object, int, java.lang.Object, java.lang.Object)'> (0x00000000ead59d60) 
thrown [s\src\hotspot\share\interpreter\linkResolver.cpp, line 759]
Event: 20.187 Thread 0x0000019239d228a0 Exception <a 'java/lang/NoSuchMethodError'{0x00000000ead624e8}: 'java.lang.Object java.lang.invoke.DirectMethodHandle$Holder.newInvokeSpecial(java.lang.Object, java.lang.Object, java.lang.Object, int, java.lang.Object)'> (0x00000000ead624e8) 
thrown [s\src\hotspot\share\interpreter\linkResolver.cpp, line 759]
Event: 20.188 Thread 0x0000019239d228a0 Exception <a 'java/lang/NoSuchMethodError'{0x00000000ead66940}: 'java.lang.Object java.lang.invoke.DirectMethodHandle$Holder.invokeSpecial(java.lang.Object, java.lang.Object, java.lang.Object, java.lang.Object, int, java.lang.Object)'> (0x00000000ead66940) 
thrown [s\src\hotspot\share\interpreter\linkResolver.cpp, line 759]
Event: 20.189 Thread 0x0000019239d241f0 Exception <a 'java/lang/NoSuchMethodError'{0x00000000ead8cef8}: 'java.lang.Object java.lang.invoke.DirectMethodHandle$Holder.invokeSpecial(java.lang.Object, java.lang.Object, int, java.lang.Object, java.lang.Object)'> (0x00000000ead8cef8) 
thrown [s\src\hotspot\share\interpreter\linkResolver.cpp, line 759]
Event: 20.191 Thread 0x0000019239d241f0 Exception <a 'java/lang/NoSuchMethodError'{0x00000000ead945c8}: 'java.lang.Object java.lang.invoke.DirectMethodHandle$Holder.newInvokeSpecial(java.lang.Object, java.lang.Object, int, java.lang.Object)'> (0x00000000ead945c8) 
thrown [s\src\hotspot\share\interpreter\linkResolver.cpp, line 759]
Event: 20.192 Thread 0x0000019239d241f0 Exception <a 'java/lang/NoSuchMethodError'{0x00000000ead980d8}: 'java.lang.Object java.lang.invoke.DirectMethodHandle$Holder.invokeSpecial(java.lang.Object, java.lang.Object, java.lang.Object, int, java.lang.Object)'> (0x00000000ead980d8) 
thrown [s\src\hotspot\share\interpreter\linkResolver.cpp, line 759]

VM Operations (20 events):
Event: 16.107 Executing VM operation: HandshakeAllThreads
Event: 16.107 Executing VM operation: HandshakeAllThreads done
Event: 17.120 Executing VM operation: Cleanup
Event: 17.120 Executing VM operation: Cleanup done
Event: 17.605 Executing VM operation: HandshakeAllThreads
Event: 17.605 Executing VM operation: HandshakeAllThreads done
Event: 18.557 Executing VM operation: ParallelGCFailedAllocation
Event: 18.567 Executing VM operation: ParallelGCFailedAllocation done
Event: 19.909 Executing VM operation: CollectForMetadataAllocation
Event: 20.003 Executing VM operation: CollectForMetadataAllocation done
Event: 20.017 Executing VM operation: HandshakeAllThreads
Event: 20.017 Executing VM operation: HandshakeAllThreads done
Event: 20.068 Executing VM operation: HandshakeAllThreads
Event: 20.068 Executing VM operation: HandshakeAllThreads done
Event: 20.268 Executing VM operation: HandshakeAllThreads
Event: 20.268 Executing VM operation: HandshakeAllThreads done
Event: 21.267 Executing VM operation: Cleanup
Event: 21.268 Executing VM operation: Cleanup done
Event: 21.405 Executing VM operation: ParallelGCFailedAllocation
Event: 21.407 Executing VM operation: ParallelGCFailedAllocation done

Events (20 events):
Event: 20.630 loading class java/io/StringReader
Event: 20.631 loading class java/io/StringReader done
Event: 20.638 loading class java/util/zip/GZIPInputStream
Event: 20.639 loading class java/util/zip/GZIPInputStream done
Event: 20.646 loading class java/net/SocketTimeoutException
Event: 20.646 loading class java/io/InterruptedIOException
Event: 20.646 loading class java/io/InterruptedIOException done
Event: 20.646 loading class java/net/SocketTimeoutException done
Event: 20.646 loading class java/net/SocketException
Event: 20.646 loading class java/net/SocketException done
Event: 20.647 loading class java/net/UnknownHostException
Event: 20.647 loading class java/net/UnknownHostException done
Event: 20.647 loading class java/net/ProtocolException
Event: 20.647 loading class java/net/ProtocolException done
Event: 20.718 loading class java/lang/ThreadLocal$SuppliedThreadLocal
Event: 20.719 loading class java/lang/ThreadLocal$SuppliedThreadLocal done
Event: 20.738 loading class java/io/FileWriter
Event: 20.738 loading class java/io/FileWriter done
Event: 21.099 loading class java/lang/NegativeArraySizeException
Event: 21.099 loading class java/lang/NegativeArraySizeException done


Dynamic libraries:
0x00007ff61c960000 - 0x00007ff61c96e000 	c:\Users\PUB 1520\.vscode\extensions\redhat.java-1.32.0-win32-x64\jre\17.0.11-win32-x86_64\bin\java.exe
0x00007ffaf1990000 - 0x00007ffaf1ba7000 	C:\WINDOWS\SYSTEM32\ntdll.dll
0x00007ffaf06b0000 - 0x00007ffaf0774000 	C:\WINDOWS\System32\KERNEL32.DLL
0x00007ffaef2f0000 - 0x00007ffaef69c000 	C:\WINDOWS\System32\KERNELBASE.dll
0x00007ffaeef10000 - 0x00007ffaef021000 	C:\WINDOWS\System32\ucrtbase.dll
0x00007ffae81d0000 - 0x00007ffae81e7000 	c:\Users\PUB 1520\.vscode\extensions\redhat.java-1.32.0-win32-x64\jre\17.0.11-win32-x86_64\bin\jli.dll
0x00007ffaf1250000 - 0x00007ffaf13fe000 	C:\WINDOWS\System32\USER32.dll
0x00007ffaef2c0000 - 0x00007ffaef2e6000 	C:\WINDOWS\System32\win32u.dll
0x00007ffaf18c0000 - 0x00007ffaf18e9000 	C:\WINDOWS\System32\GDI32.dll
0x00007ffaef030000 - 0x00007ffaef149000 	C:\WINDOWS\System32\gdi32full.dll
0x00007ffaeed80000 - 0x00007ffaeee1a000 	C:\WINDOWS\System32\msvcp_win.dll
0x00007ffadac90000 - 0x00007ffadacab000 	c:\Users\PUB 1520\.vscode\extensions\redhat.java-1.32.0-win32-x64\jre\17.0.11-win32-x86_64\bin\VCRUNTIME140.dll
0x00007ffadbcf0000 - 0x00007ffadbf83000 	C:\WINDOWS\WinSxS\amd64_microsoft.windows.common-controls_6595b64144ccf1df_6.0.22621.3672_none_2713b9d173822955\COMCTL32.dll
0x00007ffaf0520000 - 0x00007ffaf05c7000 	C:\WINDOWS\System32\msvcrt.dll
0x00007ffaf1600000 - 0x00007ffaf1631000 	C:\WINDOWS\System32\IMM32.DLL
0x00007ffae7a50000 - 0x00007ffae7a5c000 	c:\Users\PUB 1520\.vscode\extensions\redhat.java-1.32.0-win32-x64\jre\17.0.11-win32-x86_64\bin\vcruntime140_1.dll
0x00007ffaad400000 - 0x00007ffaad48d000 	c:\Users\PUB 1520\.vscode\extensions\redhat.java-1.32.0-win32-x64\jre\17.0.11-win32-x86_64\bin\msvcp140.dll
0x00007ffa821b0000 - 0x00007ffa82e12000 	c:\Users\PUB 1520\.vscode\extensions\redhat.java-1.32.0-win32-x64\jre\17.0.11-win32-x86_64\bin\server\jvm.dll
0x00007ffaf0890000 - 0x00007ffaf0942000 	C:\WINDOWS\System32\ADVAPI32.dll
0x00007ffaf0400000 - 0x00007ffaf04aa000 	C:\WINDOWS\System32\sechost.dll
0x00007ffaef6a0000 - 0x00007ffaef6c8000 	C:\WINDOWS\System32\bcrypt.dll
0x00007ffaf1130000 - 0x00007ffaf1245000 	C:\WINDOWS\System32\RPCRT4.dll
0x00007ffaedb10000 - 0x00007ffaedb5d000 	C:\WINDOWS\SYSTEM32\POWRPROF.dll
0x00007ffacb030000 - 0x00007ffacb039000 	C:\WINDOWS\SYSTEM32\WSOCK32.dll
0x00007ffaf17f0000 - 0x00007ffaf1861000 	C:\WINDOWS\System32\WS2_32.dll
0x00007ffae7fc0000 - 0x00007ffae7ff4000 	C:\WINDOWS\SYSTEM32\WINMM.dll
0x00007ffae7a70000 - 0x00007ffae7a7a000 	C:\WINDOWS\SYSTEM32\VERSION.dll
0x00007ffaedaf0000 - 0x00007ffaedb03000 	C:\WINDOWS\SYSTEM32\UMPDC.dll
0x00007ffaedda0000 - 0x00007ffaeddb8000 	C:\WINDOWS\SYSTEM32\kernel.appcore.dll
0x00007ffae7a20000 - 0x00007ffae7a2a000 	c:\Users\PUB 1520\.vscode\extensions\redhat.java-1.32.0-win32-x64\jre\17.0.11-win32-x86_64\bin\jimage.dll
0x00007ffaec760000 - 0x00007ffaec992000 	C:\WINDOWS\SYSTEM32\DBGHELP.DLL
0x00007ffaef6d0000 - 0x00007ffaefa58000 	C:\WINDOWS\System32\combase.dll
0x00007ffaefac0000 - 0x00007ffaefb97000 	C:\WINDOWS\System32\OLEAUT32.dll
0x00007ffac78d0000 - 0x00007ffac7902000 	C:\WINDOWS\SYSTEM32\dbgcore.DLL
0x00007ffaeee90000 - 0x00007ffaeef0b000 	C:\WINDOWS\System32\bcryptPrimitives.dll
0x00007ffae79f0000 - 0x00007ffae79fe000 	c:\Users\PUB 1520\.vscode\extensions\redhat.java-1.32.0-win32-x64\jre\17.0.11-win32-x86_64\bin\instrument.dll
0x00007ffac85b0000 - 0x00007ffac85d5000 	c:\Users\PUB 1520\.vscode\extensions\redhat.java-1.32.0-win32-x64\jre\17.0.11-win32-x86_64\bin\java.dll
0x00007ffacab70000 - 0x00007ffacab88000 	c:\Users\PUB 1520\.vscode\extensions\redhat.java-1.32.0-win32-x64\jre\17.0.11-win32-x86_64\bin\zip.dll
0x00007ffaefba0000 - 0x00007ffaf03fc000 	C:\WINDOWS\System32\SHELL32.dll
0x00007ffaecbd0000 - 0x00007ffaed4c7000 	C:\WINDOWS\SYSTEM32\windows.storage.dll
0x00007ffaeca90000 - 0x00007ffaecbcf000 	C:\WINDOWS\SYSTEM32\wintypes.dll
0x00007ffaf0780000 - 0x00007ffaf0874000 	C:\WINDOWS\System32\SHCORE.dll
0x00007ffaefa60000 - 0x00007ffaefabe000 	C:\WINDOWS\System32\shlwapi.dll
0x00007ffaeebf0000 - 0x00007ffaeec11000 	C:\WINDOWS\SYSTEM32\profapi.dll
0x00007ffac4f90000 - 0x00007ffac4fa9000 	C:\Users\PUB 1520\.vscode\extensions\redhat.java-1.32.0-win32-x64\jre\17.0.11-win32-x86_64\bin\net.dll
0x00007ffae77a0000 - 0x00007ffae78d6000 	C:\WINDOWS\SYSTEM32\WINHTTP.dll
0x00007ffaee210000 - 0x00007ffaee279000 	C:\WINDOWS\system32\mswsock.dll
0x00007ffac22b0000 - 0x00007ffac22c6000 	C:\Users\PUB 1520\.vscode\extensions\redhat.java-1.32.0-win32-x64\jre\17.0.11-win32-x86_64\bin\nio.dll
0x00007ffae7980000 - 0x00007ffae7990000 	c:\Users\PUB 1520\.vscode\extensions\redhat.java-1.32.0-win32-x64\jre\17.0.11-win32-x86_64\bin\verify.dll
0x00007ffab1550000 - 0x00007ffab1594000 	C:\Users\PUB 1520\AppData\Roaming\Code\User\globalStorage\redhat.java\1.32.0\config_ss_win\org.eclipse.equinox.launcher\org.eclipse.equinox.launcher.win32.win32.x86_64_1.2.1100.v20240613-2013\eclipse_11903.dll
0x00007ffaf1640000 - 0x00007ffaf17e5000 	C:\WINDOWS\System32\ole32.dll

dbghelp: loaded successfully - version: 4.0.5 - missing functions: none
symbol engine: initialized successfully - sym options: 0x614 - pdb path: .;c:\Users\PUB 1520\.vscode\extensions\redhat.java-1.32.0-win32-x64\jre\17.0.11-win32-x86_64\bin;C:\WINDOWS\SYSTEM32;C:\WINDOWS\WinSxS\amd64_microsoft.windows.common-controls_6595b64144ccf1df_6.0.22621.3672_none_2713b9d173822955;c:\Users\PUB 1520\.vscode\extensions\redhat.java-1.32.0-win32-x64\jre\17.0.11-win32-x86_64\bin\server;C:\Users\PUB 1520\AppData\Roaming\Code\User\globalStorage\redhat.java\1.32.0\config_ss_win\org.eclipse.equinox.launcher\org.eclipse.equinox.launcher.win32.win32.x86_64_1.2.1100.v20240613-2013

VM Arguments:
jvm_args: --add-modules=ALL-SYSTEM --add-opens=java.base/java.util=ALL-UNNAMED --add-opens=java.base/java.lang=ALL-UNNAMED --add-opens=java.base/sun.nio.fs=ALL-UNNAMED -Declipse.application=org.eclipse.jdt.ls.core.id1 -Dosgi.bundles.defaultStartLevel=4 -Declipse.product=org.eclipse.jdt.ls.core.product -Djava.import.generatesMetadataFilesAtProjectRoot=false -DDetectVMInstallationsJob.disabled=true -Dfile.encoding=utf8 -XX:+UseParallelGC -XX:GCTimeRatio=4 -XX:AdaptiveSizePolicyWeight=90 -Dsun.zip.disableMemoryMapping=true -Xmx1G -Xms100m -Xlog:disable -javaagent:c:\Users\PUB 1520\.vscode\extensions\redhat.java-1.32.0-win32-x64\lombok\lombok-1.18.33.jar 
java_command: c:\Users\PUB 1520\.vscode\extensions\redhat.java-1.32.0-win32-x64\server\plugins\org.eclipse.equinox.launcher_1.6.900.v20240613-2009.jar -configuration c:\Users\PUB 1520\AppData\Roaming\Code\User\globalStorage\redhat.java\1.32.0\config_ss_win -data c:\Users\PUB 1520\AppData\Roaming\Code\User\workspaceStorage\0d0f664c8f7d8576d827c6b8c84ea1aa\redhat.java\ss_ws --pipe=\\.\pipe\lsp-afa19852e407542b4ff7d6dba23cee38-sock
java_class_path (initial): c:\Users\PUB 1520\.vscode\extensions\redhat.java-1.32.0-win32-x64\server\plugins\org.eclipse.equinox.launcher_1.6.900.v20240613-2009.jar
Launcher Type: SUN_STANDARD

[Global flags]
    uintx AdaptiveSizePolicyWeight                 = 90                                        {product} {command line}
     intx CICompilerCount                          = 3                                         {product} {ergonomic}
    uintx GCTimeRatio                              = 4                                         {product} {command line}
   size_t InitialHeapSize                          = 104857600                                 {product} {command line}
   size_t MaxHeapSize                              = 1073741824                                {product} {command line}
   size_t MaxNewSize                               = 357564416                                 {product} {ergonomic}
   size_t MinHeapDeltaBytes                        = 524288                                    {product} {ergonomic}
   size_t MinHeapSize                              = 104857600                                 {product} {command line}
   size_t NewSize                                  = 34603008                                  {product} {ergonomic}
    uintx NonNMethodCodeHeapSize                   = 5832780                                {pd product} {ergonomic}
    uintx NonProfiledCodeHeapSize                  = 122912730                              {pd product} {ergonomic}
   size_t OldSize                                  = 70254592                                  {product} {ergonomic}
    uintx ProfiledCodeHeapSize                     = 122912730                              {pd product} {ergonomic}
    uintx ReservedCodeCacheSize                    = 251658240                              {pd product} {ergonomic}
     bool SegmentedCodeCache                       = true                                      {product} {ergonomic}
   size_t SoftMaxHeapSize                          = 1073741824                             {manageable} {ergonomic}
     bool UseCompressedClassPointers               = true                           {product lp64_product} {ergonomic}
     bool UseCompressedOops                        = true                           {product lp64_product} {ergonomic}
     bool UseLargePagesIndividualAllocation        = false                                  {pd product} {ergonomic}
     bool UseParallelGC                            = true                                      {product} {command line}

Logging:
Log output configuration:
 #0: stdout all=off uptime,level,tags
 #1: stderr all=off uptime,level,tags

Environment Variables:
PATH=C:\Users\PUB 1520\Downloads\apache-maven-3.9.8-bin\apache-maven-3.9.8\bin;C:\Users\PUB 1520\Downloads\zulu21.34.19-ca-jdk21.0.3-win_x64\zulu21.34.19-ca-jdk21.0.3-win_x64\bin;C:\Program Files\Common Files\Oracle\Java\javapath;C:\Program Files (x86)\Common Files\Intel\Shared Files\cpp\bin\Intel64;C:\oraclexe\app\oracle\product\10.2.0\server\bin;C:\Windows\system32;C:\Windows;C:\Windows\System32\Wbem;C:\Windows\System32\WindowsPowerShell\v1.0\;C:\Windows\System32\OpenSSH\;C:\Program Files\Microsoft\Web Platform Installer\;C:\Program Files (x86)\Microsoft ASP.NET\ASP.NET Web Pages\v1.0\;C:\Program Files\Microsoft SQL Server\110\Tools\Binn\;C:\Program Files\dotnet\;C:\Program Files\Microsoft SQL Server\130\Tools\Binn\;C:\Program Files\Microsoft SQL Server\Client SDK\ODBC\170\Tools\Binn\;C:\Program Files\Git\cmd;C:\WINDOWS\system32;C:\WINDOWS;C:\WINDOWS\System32\Wbem;C:\WINDOWS\System32\WindowsPowerShell\v1.0\;C:\WINDOWS\System32\OpenSSH\;C:\Program Files\Java\jdk-17\bin;C:\xampp\htdocs;C:\xampp\php;C:\ProgramData\ComposerSetup\bin;C:\Program Files\Go\bin;C:\Program Files\nodejs\;C:\Program Files\Docker\Docker\resources\bin;$JAVA_HOME$\bin;$MAVEN_HOME$\bin;C:\Users\PUB 1520\Downloads\jdk-21_windows-x64_bin\jdk-21.0.3\bin;C:\Users\PUB 1520\AppData\Local\pnpm;C:\Users\PUB 1520\AppData\Local\Microsoft\WindowsApps;C:\Users\PUB 1520\AppData\Local\Programs\Microsoft VS Code\bin;C:\Users\PUB 1520\AppData\Roaming\Composer\vendor\bin;C:\Users\PUB 1520\go\bin;C:\Users\PUB 1520\.fly\bin;C:\Users\PUB 1520\Downloads\protoc-25.1-win64\bin;C:\Krise\IntelliJ IDEA Community Edition 2023.3.3\bin;;C:\Users\PUB 1520\AppData\Roaming\npm;C:\xampp;
USERNAME=PUB 1520
OS=Windows_NT
PROCESSOR_IDENTIFIER=Intel64 Family 6 Model 126 Stepping 5, GenuineIntel
TMP=C:\Users\PUB152~1\AppData\Local\Temp
TEMP=C:\Users\PUB152~1\AppData\Local\Temp



Periodic native trim disabled


---------------  S Y S T E M  ---------------

OS:
 Windows 11 , 64 bit Build 22621 (10.0.22621.3672)
OS uptime: 3 days 5:04 hours
Hyper-V role detected

CPU: total 4 (initial active 4) (2 cores per cpu, 2 threads per core) family 6 model 126 stepping 5 microcode 0x96, cx8, cmov, fxsr, ht, mmx, 3dnowpref, sse, sse2, sse3, ssse3, sse4.1, sse4.2, popcnt, lzcnt, tsc, tscinvbit, avx, avx2, aes, erms, clmul, bmi1, bmi2, adx, avx512f, avx512dq, avx512cd, avx512bw, avx512vl, sha, fma, vzeroupper, avx512_vpopcntdq, avx512_vpclmulqdq, avx512_vaes, avx512_vnni, clflush, clflushopt, avx512_vbmi2, avx512_vbmi, hv
Processor Information for all 4 processors :
  Max Mhz: 1190, Current Mhz: 1190, Mhz Limit: 1190

Memory: 4k page, system-wide physical 3863M (85M free)
TotalPageFile size 15639M (AvailPageFile size 6M)
current process WorkingSet (physical memory assigned to process): 121M, peak: 124M
current process commit charge ("private bytes"): 218M, peak: 222M

vm_info: OpenJDK 64-Bit Server VM (17.0.11+9) for windows-amd64 JRE (17.0.11+9), built on Apr 17 2024 06:07:48 by "admin" with MS VC++ 16.10 / 16.11 (VS2019)

END.
